Copyright 1986-2020 Xilinx, Inc. All Rights Reserved.
----------------------------------------------------------------------------------------------------------------------------------------------
| Tool Version     : Vivado v.2020.1 (win64) Build 2902540 Wed May 27 19:54:49 MDT 2020
| Date             : Tue Oct  6 20:46:07 2020
| Host             : NoorWindows running 64-bit major release  (build 9200)
| Command          : report_power -file lab2_top_power_routed.rpt -pb lab2_top_power_summary_routed.pb -rpx lab2_top_power_routed.rpx
| Design           : lab2_top
| Device           : xc7z020clg400-1
| Design State     : routed
| Grade            : commercial
| Process          : typical
| Characterization : Production
----------------------------------------------------------------------------------------------------------------------------------------------

Power Report

Table of Contents
-----------------
1. Summary
1.1 On-Chip Components
1.2 Power Supply Summary
1.3 Confidence Level
2. Settings
2.1 Environment
2.2 Clock Constraints
3. Detailed Reports
3.1 By Hierarchy

1. Summary
----------

+--------------------------+--------------+
| Total On-Chip Power (W)  | 0.358        |
| Design Power Budget (W)  | Unspecified* |
| Power Budget Margin (W)  | NA           |
| Dynamic (W)              | 0.248        |
| Device Static (W)        | 0.110        |
| Effective TJA (C/W)      | 11.5         |
| Max Ambient (C)          | 80.9         |
| Junction Temperature (C) | 29.1         |
| Confidence Level         | Low          |
| Setting File             | ---          |
| Simulation Activity File | ---          |
| Design Nets Matched      | NA           |
+--------------------------+--------------+
* Specify Design Power Budget using, set_operating_conditions -design_power_budget <value in Watts>


1.1 On-Chip Components
----------------------

+-------------------------+-----------+----------+-----------+-----------------+
| On-Chip                 | Power (W) | Used     | Available | Utilization (%) |
+-------------------------+-----------+----------+-----------+-----------------+
| Clocks                  |     0.004 |       12 |       --- |             --- |
| Slice Logic             |     0.001 |      759 |       --- |             --- |
|   LUT as Logic          |    <0.001 |      335 |     53200 |            0.63 |
|   Register              |    <0.001 |      245 |    106400 |            0.23 |
|   CARRY4                |    <0.001 |        9 |     13300 |            0.07 |
|   LUT as Shift Register |    <0.001 |       15 |     17400 |            0.09 |
|   F7/F8 Muxes           |    <0.001 |        2 |     53200 |           <0.01 |
|   Others                |     0.000 |       42 |       --- |             --- |
| Signals                 |    <0.001 |      602 |       --- |             --- |
| Block RAM               |    <0.001 |      0.5 |       140 |            0.36 |
| MMCM                    |     0.107 |        1 |         4 |           25.00 |
| I/O                     |     0.135 |       24 |       125 |           19.20 |
| Static Power            |     0.110 |          |           |                 |
| Total                   |     0.358 |          |           |                 |
+-------------------------+-----------+----------+-----------+-----------------+


1.2 Power Supply Summary
------------------------

+-----------+-------------+-----------+-------------+------------+-------------+-------------+------------+
| Source    | Voltage (V) | Total (A) | Dynamic (A) | Static (A) | Powerup (A) | Budget (A)  | Margin (A) |
+-----------+-------------+-----------+-------------+------------+-------------+-------------+------------+
| Vccint    |       1.000 |     0.016 |       0.008 |      0.008 |       NA    | Unspecified | NA         |
| Vccaux    |       1.800 |     0.070 |       0.059 |      0.011 |       NA    | Unspecified | NA         |
| Vcco33    |       3.300 |     0.042 |       0.041 |      0.001 |       NA    | Unspecified | NA         |
| Vcco25    |       2.500 |     0.000 |       0.000 |      0.000 |       NA    | Unspecified | NA         |
| Vcco18    |       1.800 |     0.000 |       0.000 |      0.000 |       NA    | Unspecified | NA         |
| Vcco15    |       1.500 |     0.000 |       0.000 |      0.000 |       NA    | Unspecified | NA         |
| Vcco135   |       1.350 |     0.000 |       0.000 |      0.000 |       NA    | Unspecified | NA         |
| Vcco12    |       1.200 |     0.000 |       0.000 |      0.000 |       NA    | Unspecified | NA         |
| Vccaux_io |       1.800 |     0.000 |       0.000 |      0.000 |       NA    | Unspecified | NA         |
| Vccbram   |       1.000 |     0.001 |       0.000 |      0.001 |       NA    | Unspecified | NA         |
| MGTAVcc   |       1.000 |     0.000 |       0.000 |      0.000 |       NA    | Unspecified | NA         |
| MGTAVtt   |       1.200 |     0.000 |       0.000 |      0.000 |       NA    | Unspecified | NA         |
| MGTVccaux |       1.800 |     0.000 |       0.000 |      0.000 |       NA    | Unspecified | NA         |
| Vccpint   |       1.000 |     0.018 |       0.000 |      0.018 |       NA    | Unspecified | NA         |
| Vccpaux   |       1.800 |     0.010 |       0.000 |      0.010 |       NA    | Unspecified | NA         |
| Vccpll    |       1.800 |     0.003 |       0.000 |      0.003 |       NA    | Unspecified | NA         |
| Vcco_ddr  |       1.500 |     0.000 |       0.000 |      0.000 |       NA    | Unspecified | NA         |
| Vcco_mio0 |       1.800 |     0.000 |       0.000 |      0.000 |       NA    | Unspecified | NA         |
| Vcco_mio1 |       1.800 |     0.000 |       0.000 |      0.000 |       NA    | Unspecified | NA         |
| Vccadc    |       1.800 |     0.020 |       0.000 |      0.020 |       NA    | Unspecified | NA         |
+-----------+-------------+-----------+-------------+------------+-------------+-------------+------------+


1.3 Confidence Level
--------------------

+-----------------------------+------------+--------------------------------------------------------+------------------------------------------------------------------------------------------------------------+
| User Input Data             | Confidence | Details                                                | Action                                                                                                     |
+-----------------------------+------------+--------------------------------------------------------+------------------------------------------------------------------------------------------------------------+
| Design implementation state | High       | Design is routed                                       |                                                                                                            |
| Clock nodes activity        | High       | User specified more than 95% of clocks                 |                                                                                                            |
| I/O nodes activity          | Low        | More than 75% of inputs are missing user specification | Provide missing input activity with simulation results or by editing the "By Resource Type -> I/Os" view   |
| Internal nodes activity     | Medium     | User specified less than 25% of internal nodes         | Provide missing internal nodes activity with simulation results or by editing the "By Resource Type" views |
| Device models               | High       | Device models are Production                           |                                                                                                            |
|                             |            |                                                        |                                                                                                            |
| Overall confidence level    | Low        |                                                        |                                                                                                            |
+-----------------------------+------------+--------------------------------------------------------+------------------------------------------------------------------------------------------------------------+


2. Settings
-----------

2.1 Environment
---------------

+-----------------------+------------------------+
| Ambient Temp (C)      | 25.0                   |
| ThetaJA (C/W)         | 11.5                   |
| Airflow (LFM)         | 250                    |
| Heat Sink             | none                   |
| ThetaSA (C/W)         | 0.0                    |
| Board Selection       | medium (10"x10")       |
| # of Board Layers     | 8to11 (8 to 11 Layers) |
| Board Temperature (C) | 25.0                   |
+-----------------------+------------------------+


2.2 Clock Constraints
---------------------

+----------------------+----------------------------+-----------------+
| Clock                | Domain                     | Constraint (ns) |
+----------------------+----------------------------+-----------------+
| clk_out1_clk_wiz_0   | U2/inst/clk_out1_clk_wiz_0 |            10.0 |
| clk_out1_clk_wiz_0_1 | U2/inst/clk_out1_clk_wiz_0 |            10.0 |
| clk_out2_clk_wiz_0   | U2/inst/clk_out2_clk_wiz_0 |            40.0 |
| clk_out2_clk_wiz_0_1 | U2/inst/clk_out2_clk_wiz_0 |            40.0 |
| clk_out3_clk_wiz_0   | U2/inst/clk_out3_clk_wiz_0 |             8.0 |
| clk_out3_clk_wiz_0_1 | U2/inst/clk_out3_clk_wiz_0 |             8.0 |
| clkfbout_clk_wiz_0   | U2/inst/clkfbout_clk_wiz_0 |             8.0 |
| clkfbout_clk_wiz_0_1 | U2/inst/clkfbout_clk_wiz_0 |             8.0 |
| sys_clk_pin          | sysclk                     |             8.0 |
| sysclk               | sysclk                     |             8.0 |
+----------------------+----------------------------+-----------------+


3. Detailed Reports
-------------------

3.1 By Hierarchy
----------------

+----------+-----------+
| Name     | Power (W) |
+----------+-----------+
| lab2_top |     0.248 |
|   U2     |     0.108 |
|     inst |     0.108 |
|   U3     |     0.134 |
|     inst |     0.134 |
+----------+-----------+


