
*** Running vivado
    with args -log lab1e_top.vdi -applog -m64 -product Vivado -messageDb vivado.pb -mode batch -source lab1e_top.tcl -notrace



****** Vivado v2020.1 (64-bit)
  **** SW Build 2902540 on Wed May 27 19:54:49 MDT 2020
  **** IP Build 2902112 on Wed May 27 22:43:36 MDT 2020
    ** Copyright 1986-2020 Xilinx, Inc. All Rights Reserved.

source lab1e_top.tcl -notrace
Command: link_design -top lab1e_top -part xc7z020clg400-1
Design is defaulting to srcset: sources_1
Design is defaulting to constrset: constrs_1
INFO: [Device 21-403] Loading part xc7z020clg400-1
Netlist sorting complete. Time (s): cpu = 00:00:00 ; elapsed = 00:00:00 . Memory (MB): peak = 1012.910 ; gain = 0.000
INFO: [Project 1-479] Netlist was created with Vivado 2020.1
INFO: [Project 1-570] Preparing netlist for logic optimization
Parsing XDC File [C:/Users/nfaki/Desktop/ee 108/Lab 1/lab1estarterfiles/lab1e.xdc]
Finished Parsing XDC File [C:/Users/nfaki/Desktop/ee 108/Lab 1/lab1estarterfiles/lab1e.xdc]
INFO: [Opt 31-138] Pushed 0 inverter(s) to 0 load pin(s).
Netlist sorting complete. Time (s): cpu = 00:00:00 ; elapsed = 00:00:00 . Memory (MB): peak = 1012.910 ; gain = 0.000
INFO: [Project 1-111] Unisim Transformation Summary:
No Unisim elements were transformed.

5 Infos, 0 Warnings, 0 Critical Warnings and 0 Errors encountered.
link_design completed successfully
link_design: Time (s): cpu = 00:00:08 ; elapsed = 00:00:10 . Memory (MB): peak = 1012.910 ; gain = 0.000
Command: opt_design
Attempting to get a license for feature 'Implementation' and/or device 'xc7z020'
INFO: [Common 17-349] Got license for feature 'Implementation' and/or device 'xc7z020'
Running DRC as a precondition to command opt_design

Starting DRC Task
INFO: [DRC 23-27] Running DRC with 2 threads
INFO: [Project 1-461] DRC finished with 0 Errors
INFO: [Project 1-462] Please refer to the DRC report (report_drc) for more information.

Time (s): cpu = 00:00:02 ; elapsed = 00:00:01 . Memory (MB): peak = 1012.910 ; gain = 0.000

Starting Cache Timing Information Task
INFO: [Timing 38-35] Done setting XDC timing constraints.
Ending Cache Timing Information Task | Checksum: 13e8b0110

Time (s): cpu = 00:00:10 ; elapsed = 00:00:10 . Memory (MB): peak = 1257.660 ; gain = 244.750

Starting Logic Optimization Task

Phase 1 Retarget
INFO: [Opt 31-138] Pushed 0 inverter(s) to 0 load pin(s).
INFO: [Opt 31-49] Retargeted 0 cell(s).
Phase 1 Retarget | Checksum: 13e8b0110

Time (s): cpu = 00:00:00 ; elapsed = 00:00:00.010 . Memory (MB): peak = 1452.629 ; gain = 0.000
INFO: [Opt 31-389] Phase Retarget created 0 cells and removed 0 cells

Phase 2 Constant propagation
INFO: [Opt 31-138] Pushed 0 inverter(s) to 0 load pin(s).
Phase 2 Constant propagation | Checksum: 13e8b0110

Time (s): cpu = 00:00:00 ; elapsed = 00:00:00.012 . Memory (MB): peak = 1452.629 ; gain = 0.000
INFO: [Opt 31-389] Phase Constant propagation created 0 cells and removed 0 cells

Phase 3 Sweep
Phase 3 Sweep | Checksum: 13e8b0110

Time (s): cpu = 00:00:00 ; elapsed = 00:00:00.013 . Memory (MB): peak = 1452.629 ; gain = 0.000
INFO: [Opt 31-389] Phase Sweep created 0 cells and removed 0 cells

Phase 4 BUFG optimization
Phase 4 BUFG optimization | Checksum: 13e8b0110

Time (s): cpu = 00:00:00 ; elapsed = 00:00:00.016 . Memory (MB): peak = 1452.629 ; gain = 0.000
INFO: [Opt 31-662] Phase BUFG optimization created 0 cells of which 0 are BUFGs and removed 0 cells.

Phase 5 Shift Register Optimization
INFO: [Opt 31-1064] SRL Remap converted 0 SRLs to 0 registers and converted 0 registers of register chains to 0 SRLs
Phase 5 Shift Register Optimization | Checksum: 13e8b0110

Time (s): cpu = 00:00:00 ; elapsed = 00:00:00.018 . Memory (MB): peak = 1452.629 ; gain = 0.000
INFO: [Opt 31-389] Phase Shift Register Optimization created 0 cells and removed 0 cells

Phase 6 Post Processing Netlist
Phase 6 Post Processing Netlist | Checksum: 13e8b0110

Time (s): cpu = 00:00:00 ; elapsed = 00:00:00.019 . Memory (MB): peak = 1452.629 ; gain = 0.000
INFO: [Opt 31-389] Phase Post Processing Netlist created 0 cells and removed 0 cells
Opt_design Change Summary
=========================


-------------------------------------------------------------------------------------------------------------------------
|  Phase                        |  #Cells created  |  #Cells Removed  |  #Constrained objects preventing optimizations  |
-------------------------------------------------------------------------------------------------------------------------
|  Retarget                     |               0  |               0  |                                              0  |
|  Constant propagation         |               0  |               0  |                                              0  |
|  Sweep                        |               0  |               0  |                                              0  |
|  BUFG optimization            |               0  |               0  |                                              0  |
|  Shift Register Optimization  |               0  |               0  |                                              0  |
|  Post Processing Netlist      |               0  |               0  |                                              0  |
-------------------------------------------------------------------------------------------------------------------------



Starting Connectivity Check Task

Time (s): cpu = 00:00:00 ; elapsed = 00:00:00.001 . Memory (MB): peak = 1452.629 ; gain = 0.000
Ending Logic Optimization Task | Checksum: 13e8b0110

Time (s): cpu = 00:00:00 ; elapsed = 00:00:00.021 . Memory (MB): peak = 1452.629 ; gain = 0.000

Starting Power Optimization Task
INFO: [Pwropt 34-132] Skipping clock gating for clocks with a period < 2.00 ns.
Ending Power Optimization Task | Checksum: 13e8b0110

Time (s): cpu = 00:00:00 ; elapsed = 00:00:00.011 . Memory (MB): peak = 1452.629 ; gain = 0.000

Starting Final Cleanup Task
Ending Final Cleanup Task | Checksum: 13e8b0110

Time (s): cpu = 00:00:00 ; elapsed = 00:00:00 . Memory (MB): peak = 1452.629 ; gain = 0.000

Starting Netlist Obfuscation Task
Netlist sorting complete. Time (s): cpu = 00:00:00 ; elapsed = 00:00:00 . Memory (MB): peak = 1452.629 ; gain = 0.000
Ending Netlist Obfuscation Task | Checksum: 13e8b0110

Time (s): cpu = 00:00:00 ; elapsed = 00:00:00 . Memory (MB): peak = 1452.629 ; gain = 0.000
INFO: [Common 17-83] Releasing license: Implementation
22 Infos, 0 Warnings, 0 Critical Warnings and 0 Errors encountered.
opt_design completed successfully
opt_design: Time (s): cpu = 00:00:15 ; elapsed = 00:00:15 . Memory (MB): peak = 1452.629 ; gain = 439.719
INFO: [Timing 38-480] Writing timing data to binary archive.
Writing placer database...
Writing XDEF routing.
Writing XDEF routing logical nets.
Writing XDEF routing special nets.
Write XDEF Complete: Time (s): cpu = 00:00:00 ; elapsed = 00:00:00.085 . Memory (MB): peak = 1452.629 ; gain = 0.000
INFO: [Common 17-1381] The checkpoint 'C:/Users/nfaki/Desktop/ee 108/Lab 1/lab1_extension/lab1_extension.runs/impl_1/lab1e_top_opt.dcp' has been generated.
INFO: [runtcl-4] Executing : report_drc -file lab1e_top_drc_opted.rpt -pb lab1e_top_drc_opted.pb -rpx lab1e_top_drc_opted.rpx
Command: report_drc -file lab1e_top_drc_opted.rpt -pb lab1e_top_drc_opted.pb -rpx lab1e_top_drc_opted.rpx
INFO: [IP_Flow 19-234] Refreshing IP repositories
INFO: [IP_Flow 19-1704] No user IP repositories specified
INFO: [IP_Flow 19-2313] Loaded Vivado IP repository 'C:/Xilinx/Vivado/2020.1/data/ip'.
INFO: [DRC 23-27] Running DRC with 2 threads
INFO: [Coretcl 2-168] The results of DRC are in file C:/Users/nfaki/Desktop/ee 108/Lab 1/lab1_extension/lab1_extension.runs/impl_1/lab1e_top_drc_opted.rpt.
report_drc completed successfully
Command: place_design
Attempting to get a license for feature 'Implementation' and/or device 'xc7z020'
INFO: [Common 17-349] Got license for feature 'Implementation' and/or device 'xc7z020'
INFO: [DRC 23-27] Running DRC with 2 threads
INFO: [Vivado_Tcl 4-198] DRC finished with 0 Errors
INFO: [Vivado_Tcl 4-199] Please refer to the DRC report (report_drc) for more information.
Running DRC as a precondition to command place_design
INFO: [DRC 23-27] Running DRC with 2 threads
INFO: [Vivado_Tcl 4-198] DRC finished with 0 Errors
INFO: [Vivado_Tcl 4-199] Please refer to the DRC report (report_drc) for more information.

Starting Placer Task
INFO: [Place 30-611] Multithreading enabled for place_design using a maximum of 2 CPUs

Phase 1 Placer Initialization

Phase 1.1 Placer Initialization Netlist Sorting
Netlist sorting complete. Time (s): cpu = 00:00:00 ; elapsed = 00:00:00 . Memory (MB): peak = 1452.629 ; gain = 0.000
Phase 1.1 Placer Initialization Netlist Sorting | Checksum: f57d3a7b

Time (s): cpu = 00:00:00 ; elapsed = 00:00:00.006 . Memory (MB): peak = 1452.629 ; gain = 0.000
Netlist sorting complete. Time (s): cpu = 00:00:00 ; elapsed = 00:00:00 . Memory (MB): peak = 1452.629 ; gain = 0.000

Phase 1.2 IO Placement/ Clock Placement/ Build Placer Device
INFO: [Timing 38-35] Done setting XDC timing constraints.
Phase 1.2 IO Placement/ Clock Placement/ Build Placer Device | Checksum: f57d3a7b

Time (s): cpu = 00:00:01 ; elapsed = 00:00:00.411 . Memory (MB): peak = 1452.629 ; gain = 0.000

Phase 1.3 Build Placer Netlist Model
Phase 1.3 Build Placer Netlist Model | Checksum: 1bbdaca92

Time (s): cpu = 00:00:01 ; elapsed = 00:00:00.431 . Memory (MB): peak = 1452.629 ; gain = 0.000

Phase 1.4 Constrain Clocks/Macros
Phase 1.4 Constrain Clocks/Macros | Checksum: 1bbdaca92

Time (s): cpu = 00:00:01 ; elapsed = 00:00:00.436 . Memory (MB): peak = 1452.629 ; gain = 0.000
Phase 1 Placer Initialization | Checksum: 1bbdaca92

Time (s): cpu = 00:00:01 ; elapsed = 00:00:00.442 . Memory (MB): peak = 1452.629 ; gain = 0.000

Phase 2 Global Placement

Phase 2.1 Floorplanning
Phase 2.1 Floorplanning | Checksum: 1bbdaca92

Time (s): cpu = 00:00:01 ; elapsed = 00:00:00.444 . Memory (MB): peak = 1452.629 ; gain = 0.000

Phase 2.2 Global Placement Core
WARNING: [Place 46-29] place_design is not in timing mode. Skip physical synthesis in placer
Phase 2.2 Global Placement Core | Checksum: 1ee87d8d4

Time (s): cpu = 00:00:02 ; elapsed = 00:00:00.862 . Memory (MB): peak = 1453.633 ; gain = 1.004
Phase 2 Global Placement | Checksum: 1ee87d8d4

Time (s): cpu = 00:00:02 ; elapsed = 00:00:00.871 . Memory (MB): peak = 1453.633 ; gain = 1.004

Phase 3 Detail Placement

Phase 3.1 Commit Multi Column Macros
Phase 3.1 Commit Multi Column Macros | Checksum: 1ee87d8d4

Time (s): cpu = 00:00:02 ; elapsed = 00:00:00.875 . Memory (MB): peak = 1453.633 ; gain = 1.004

Phase 3.2 Commit Most Macros & LUTRAMs
Phase 3.2 Commit Most Macros & LUTRAMs | Checksum: 10295f610

Time (s): cpu = 00:00:02 ; elapsed = 00:00:00.882 . Memory (MB): peak = 1453.633 ; gain = 1.004

Phase 3.3 Area Swap Optimization
Phase 3.3 Area Swap Optimization | Checksum: 1c1c55cbd

Time (s): cpu = 00:00:02 ; elapsed = 00:00:00.895 . Memory (MB): peak = 1453.633 ; gain = 1.004

Phase 3.4 Pipeline Register Optimization
Phase 3.4 Pipeline Register Optimization | Checksum: 1c1c55cbd

Time (s): cpu = 00:00:02 ; elapsed = 00:00:00.896 . Memory (MB): peak = 1453.633 ; gain = 1.004

Phase 3.5 Small Shape Detail Placement
Phase 3.5 Small Shape Detail Placement | Checksum: fb1a23c2

Time (s): cpu = 00:00:02 ; elapsed = 00:00:01 . Memory (MB): peak = 1456.203 ; gain = 3.574

Phase 3.6 Re-assign LUT pins
Phase 3.6 Re-assign LUT pins | Checksum: fb1a23c2

Time (s): cpu = 00:00:02 ; elapsed = 00:00:01 . Memory (MB): peak = 1456.203 ; gain = 3.574

Phase 3.7 Pipeline Register Optimization
Phase 3.7 Pipeline Register Optimization | Checksum: fb1a23c2

Time (s): cpu = 00:00:02 ; elapsed = 00:00:01 . Memory (MB): peak = 1456.203 ; gain = 3.574
Phase 3 Detail Placement | Checksum: fb1a23c2

Time (s): cpu = 00:00:02 ; elapsed = 00:00:01 . Memory (MB): peak = 1456.203 ; gain = 3.574

Phase 4 Post Placement Optimization and Clean-Up

Phase 4.1 Post Commit Optimization
Phase 4.1 Post Commit Optimization | Checksum: fb1a23c2

Time (s): cpu = 00:00:02 ; elapsed = 00:00:01 . Memory (MB): peak = 1456.203 ; gain = 3.574

Phase 4.2 Post Placement Cleanup
Phase 4.2 Post Placement Cleanup | Checksum: fb1a23c2

Time (s): cpu = 00:00:02 ; elapsed = 00:00:01 . Memory (MB): peak = 1456.203 ; gain = 3.574

Phase 4.3 Placer Reporting
Phase 4.3 Placer Reporting | Checksum: fb1a23c2

Time (s): cpu = 00:00:02 ; elapsed = 00:00:01 . Memory (MB): peak = 1456.203 ; gain = 3.574

Phase 4.4 Final Placement Cleanup
Netlist sorting complete. Time (s): cpu = 00:00:00 ; elapsed = 00:00:00 . Memory (MB): peak = 1456.203 ; gain = 0.000
Phase 4.4 Final Placement Cleanup | Checksum: fb1a23c2

Time (s): cpu = 00:00:02 ; elapsed = 00:00:01 . Memory (MB): peak = 1456.203 ; gain = 3.574
Phase 4 Post Placement Optimization and Clean-Up | Checksum: fb1a23c2

Time (s): cpu = 00:00:02 ; elapsed = 00:00:01 . Memory (MB): peak = 1456.203 ; gain = 3.574
Ending Placer Task | Checksum: 5727a746

Time (s): cpu = 00:00:02 ; elapsed = 00:00:01 . Memory (MB): peak = 1456.203 ; gain = 3.574
INFO: [Common 17-83] Releasing license: Implementation
40 Infos, 1 Warnings, 0 Critical Warnings and 0 Errors encountered.
place_design completed successfully
INFO: [Timing 38-480] Writing timing data to binary archive.
Writing placer database...
Writing XDEF routing.
Writing XDEF routing logical nets.
Writing XDEF routing special nets.
Write XDEF Complete: Time (s): cpu = 00:00:00 ; elapsed = 00:00:00.077 . Memory (MB): peak = 1472.426 ; gain = 16.223
INFO: [Common 17-1381] The checkpoint 'C:/Users/nfaki/Desktop/ee 108/Lab 1/lab1_extension/lab1_extension.runs/impl_1/lab1e_top_placed.dcp' has been generated.
INFO: [runtcl-4] Executing : report_io -file lab1e_top_io_placed.rpt
report_io: Time (s): cpu = 00:00:00 ; elapsed = 00:00:00.059 . Memory (MB): peak = 1472.426 ; gain = 0.000
INFO: [runtcl-4] Executing : report_utilization -file lab1e_top_utilization_placed.rpt -pb lab1e_top_utilization_placed.pb
INFO: [runtcl-4] Executing : report_control_sets -verbose -file lab1e_top_control_sets_placed.rpt
report_control_sets: Time (s): cpu = 00:00:00 ; elapsed = 00:00:00.007 . Memory (MB): peak = 1472.426 ; gain = 0.000
Command: phys_opt_design
Attempting to get a license for feature 'Implementation' and/or device 'xc7z020'
INFO: [Common 17-349] Got license for feature 'Implementation' and/or device 'xc7z020'
INFO: [Vivado_Tcl 4-235] No timing constraint found. The netlist was not modified.
INFO: [Common 17-83] Releasing license: Implementation
48 Infos, 1 Warnings, 0 Critical Warnings and 0 Errors encountered.
phys_opt_design completed successfully
INFO: [Timing 38-480] Writing timing data to binary archive.
Writing placer database...
Writing XDEF routing.
Writing XDEF routing logical nets.
Writing XDEF routing special nets.
Write XDEF Complete: Time (s): cpu = 00:00:00 ; elapsed = 00:00:00.066 . Memory (MB): peak = 1500.797 ; gain = 17.875
INFO: [Common 17-1381] The checkpoint 'C:/Users/nfaki/Desktop/ee 108/Lab 1/lab1_extension/lab1_extension.runs/impl_1/lab1e_top_physopt.dcp' has been generated.
Command: route_design
Attempting to get a license for feature 'Implementation' and/or device 'xc7z020'
INFO: [Common 17-349] Got license for feature 'Implementation' and/or device 'xc7z020'
Running DRC as a precondition to command route_design
INFO: [DRC 23-27] Running DRC with 2 threads
INFO: [Vivado_Tcl 4-198] DRC finished with 0 Errors
INFO: [Vivado_Tcl 4-199] Please refer to the DRC report (report_drc) for more information.


Starting Routing Task
INFO: [Route 35-254] Multithreading enabled for route_design using a maximum of 2 CPUs
Checksum: PlaceDB: ecdb573 ConstDB: 0 ShapeSum: 4859f1d3 RouteDB: 0

Phase 1 Build RT Design
Phase 1 Build RT Design | Checksum: c65e31f7

Time (s): cpu = 00:00:30 ; elapsed = 00:00:26 . Memory (MB): peak = 1610.820 ; gain = 101.008
Post Restoration Checksum: NetGraph: 2cd3a4e6 NumContArr: 998a8d11 Constraints: 0 Timing: 0

Phase 2 Router Initialization
INFO: [Route 35-64] No timing constraints were detected. The router will operate in resource-optimization mode.

Phase 2.1 Fix Topology Constraints
Phase 2.1 Fix Topology Constraints | Checksum: c65e31f7

Time (s): cpu = 00:00:30 ; elapsed = 00:00:26 . Memory (MB): peak = 1617.027 ; gain = 107.215

Phase 2.2 Pre Route Cleanup
Phase 2.2 Pre Route Cleanup | Checksum: c65e31f7

Time (s): cpu = 00:00:30 ; elapsed = 00:00:26 . Memory (MB): peak = 1617.027 ; gain = 107.215
 Number of Nodes with overlaps = 0
Phase 2 Router Initialization | Checksum: 4f7f7674

Time (s): cpu = 00:00:30 ; elapsed = 00:00:26 . Memory (MB): peak = 1620.758 ; gain = 110.945

Router Utilization Summary
  Global Vertical Routing Utilization    = 0 %
  Global Horizontal Routing Utilization  = 0 %
  Routable Net Status*
  *Does not include unroutable nets such as driverless and loadless.
  Run report_route_status for detailed report.
  Number of Failed Nets               = 31
    (Failed Nets is the sum of unrouted and partially routed nets)
  Number of Unrouted Nets             = 31
  Number of Partially Routed Nets     = 0
  Number of Node Overlaps             = 0


Phase 3 Initial Routing
Phase 3 Initial Routing | Checksum: 105b04c1b

Time (s): cpu = 00:00:30 ; elapsed = 00:00:26 . Memory (MB): peak = 1623.574 ; gain = 113.762

Phase 4 Rip-up And Reroute

Phase 4.1 Global Iteration 0
 Number of Nodes with overlaps = 2
 Number of Nodes with overlaps = 0
Phase 4.1 Global Iteration 0 | Checksum: 69d1f208

Time (s): cpu = 00:00:30 ; elapsed = 00:00:26 . Memory (MB): peak = 1623.574 ; gain = 113.762
Phase 4 Rip-up And Reroute | Checksum: 69d1f208

Time (s): cpu = 00:00:30 ; elapsed = 00:00:26 . Memory (MB): peak = 1623.574 ; gain = 113.762

Phase 5 Delay and Skew Optimization
Phase 5 Delay and Skew Optimization | Checksum: 69d1f208

Time (s): cpu = 00:00:30 ; elapsed = 00:00:26 . Memory (MB): peak = 1623.574 ; gain = 113.762

Phase 6 Post Hold Fix

Phase 6.1 Hold Fix Iter
Phase 6.1 Hold Fix Iter | Checksum: 69d1f208

Time (s): cpu = 00:00:30 ; elapsed = 00:00:26 . Memory (MB): peak = 1623.574 ; gain = 113.762
Phase 6 Post Hold Fix | Checksum: 69d1f208

Time (s): cpu = 00:00:30 ; elapsed = 00:00:26 . Memory (MB): peak = 1623.574 ; gain = 113.762

Phase 7 Route finalize

Router Utilization Summary
  Global Vertical Routing Utilization    = 0.0336026 %
  Global Horizontal Routing Utilization  = 0.0360041 %
  Routable Net Status*
  *Does not include unroutable nets such as driverless and loadless.
  Run report_route_status for detailed report.
  Number of Failed Nets               = 0
    (Failed Nets is the sum of unrouted and partially routed nets)
  Number of Unrouted Nets             = 0
  Number of Partially Routed Nets     = 0
  Number of Node Overlaps             = 0

Congestion Report
North Dir 1x1 Area, Max Cong = 9.90991%, No Congested Regions.
South Dir 1x1 Area, Max Cong = 10.8108%, No Congested Regions.
East Dir 1x1 Area, Max Cong = 23.5294%, No Congested Regions.
West Dir 1x1 Area, Max Cong = 17.6471%, No Congested Regions.

------------------------------
Reporting congestion hotspots
------------------------------
Direction: North
----------------
Congested clusters found at Level 0
Effective congestion level: 0 Aspect Ratio: 1 Sparse Ratio: 0
Direction: South
----------------
Congested clusters found at Level 0
Effective congestion level: 0 Aspect Ratio: 1 Sparse Ratio: 0
Direction: East
----------------
Congested clusters found at Level 0
Effective congestion level: 0 Aspect Ratio: 1 Sparse Ratio: 0
Direction: West
----------------
Congested clusters found at Level 0
Effective congestion level: 0 Aspect Ratio: 1 Sparse Ratio: 0

Phase 7 Route finalize | Checksum: 69d1f208

Time (s): cpu = 00:00:30 ; elapsed = 00:00:26 . Memory (MB): peak = 1623.574 ; gain = 113.762

Phase 8 Verifying routed nets

 Verification completed successfully
Phase 8 Verifying routed nets | Checksum: 69d1f208

Time (s): cpu = 00:00:30 ; elapsed = 00:00:26 . Memory (MB): peak = 1625.582 ; gain = 115.770

Phase 9 Depositing Routes
Phase 9 Depositing Routes | Checksum: e61a07c1

Time (s): cpu = 00:00:30 ; elapsed = 00:00:26 . Memory (MB): peak = 1625.582 ; gain = 115.770
INFO: [Route 35-16] Router Completed Successfully

Time (s): cpu = 00:00:30 ; elapsed = 00:00:26 . Memory (MB): peak = 1625.582 ; gain = 115.770

Routing Is Done.
INFO: [Common 17-83] Releasing license: Implementation
58 Infos, 1 Warnings, 0 Critical Warnings and 0 Errors encountered.
route_design completed successfully
route_design: Time (s): cpu = 00:00:32 ; elapsed = 00:00:27 . Memory (MB): peak = 1625.582 ; gain = 124.785
INFO: [Timing 38-480] Writing timing data to binary archive.
Writing placer database...
Writing XDEF routing.
Writing XDEF routing logical nets.
Writing XDEF routing special nets.
Write XDEF Complete: Time (s): cpu = 00:00:00 ; elapsed = 00:00:00.066 . Memory (MB): peak = 1635.512 ; gain = 9.930
INFO: [Common 17-1381] The checkpoint 'C:/Users/nfaki/Desktop/ee 108/Lab 1/lab1_extension/lab1_extension.runs/impl_1/lab1e_top_routed.dcp' has been generated.
INFO: [runtcl-4] Executing : report_drc -file lab1e_top_drc_routed.rpt -pb lab1e_top_drc_routed.pb -rpx lab1e_top_drc_routed.rpx
Command: report_drc -file lab1e_top_drc_routed.rpt -pb lab1e_top_drc_routed.pb -rpx lab1e_top_drc_routed.rpx
INFO: [IP_Flow 19-1839] IP Catalog is up to date.
INFO: [DRC 23-27] Running DRC with 2 threads
INFO: [Coretcl 2-168] The results of DRC are in file C:/Users/nfaki/Desktop/ee 108/Lab 1/lab1_extension/lab1_extension.runs/impl_1/lab1e_top_drc_routed.rpt.
report_drc completed successfully
INFO: [runtcl-4] Executing : report_methodology -file lab1e_top_methodology_drc_routed.rpt -pb lab1e_top_methodology_drc_routed.pb -rpx lab1e_top_methodology_drc_routed.rpx
Command: report_methodology -file lab1e_top_methodology_drc_routed.rpt -pb lab1e_top_methodology_drc_routed.pb -rpx lab1e_top_methodology_drc_routed.rpx
INFO: [Timing 38-35] Done setting XDC timing constraints.
INFO: [DRC 23-133] Running Methodology with 2 threads
INFO: [Coretcl 2-1520] The results of Report Methodology are in file C:/Users/nfaki/Desktop/ee 108/Lab 1/lab1_extension/lab1_extension.runs/impl_1/lab1e_top_methodology_drc_routed.rpt.
report_methodology completed successfully
INFO: [runtcl-4] Executing : report_power -file lab1e_top_power_routed.rpt -pb lab1e_top_power_summary_routed.pb -rpx lab1e_top_power_routed.rpx
Command: report_power -file lab1e_top_power_routed.rpt -pb lab1e_top_power_summary_routed.pb -rpx lab1e_top_power_routed.rpx
INFO: [Timing 38-35] Done setting XDC timing constraints.
WARNING: [Power 33-232] No user defined clocks were found in the design! Power estimation will be inaccurate until this is corrected.
Resolution: Please specify clocks using create_clock/create_generated_clock for sequential elements. For pure combinatorial circuits, please specify a virtual clock, otherwise the vectorless estimation might be inaccurate
Running Vector-less Activity Propagation...

Finished Running Vector-less Activity Propagation
70 Infos, 2 Warnings, 0 Critical Warnings and 0 Errors encountered.
report_power completed successfully
INFO: [runtcl-4] Executing : report_route_status -file lab1e_top_route_status.rpt -pb lab1e_top_route_status.pb
INFO: [runtcl-4] Executing : report_timing_summary -max_paths 10 -file lab1e_top_timing_summary_routed.rpt -pb lab1e_top_timing_summary_routed.pb -rpx lab1e_top_timing_summary_routed.rpx -warn_on_violation 
INFO: [Timing 38-91] UpdateTimingParams: Speed grade: -1, Delay Type: min_max.
INFO: [Timing 38-191] Multithreading enabled for timing update using a maximum of 2 CPUs
WARNING: [Timing 38-313] There are no user specified timing constraints. Timing constraints are needed for proper timing analysis.
INFO: [runtcl-4] Executing : report_incremental_reuse -file lab1e_top_incremental_reuse_routed.rpt
INFO: [Vivado_Tcl 4-1062] Incremental flow is disabled. No incremental reuse Info to report.
INFO: [runtcl-4] Executing : report_clock_utilization -file lab1e_top_clock_utilization_routed.rpt
INFO: [runtcl-4] Executing : report_bus_skew -warn_on_violation -file lab1e_top_bus_skew_routed.rpt -pb lab1e_top_bus_skew_routed.pb -rpx lab1e_top_bus_skew_routed.rpx
INFO: [Timing 38-91] UpdateTimingParams: Speed grade: -1, Delay Type: min_max.
INFO: [Timing 38-191] Multithreading enabled for timing update using a maximum of 2 CPUs
Command: write_bitstream -force lab1e_top.bit
Attempting to get a license for feature 'Implementation' and/or device 'xc7z020'
INFO: [Common 17-349] Got license for feature 'Implementation' and/or device 'xc7z020'
Running DRC as a precondition to command write_bitstream
INFO: [IP_Flow 19-1839] IP Catalog is up to date.
INFO: [DRC 23-27] Running DRC with 2 threads
WARNING: [DRC ZPS7-1] PS7 block required: The PS7 cell must be used in this Zynq design in order to enable correct default configuration.
INFO: [Vivado 12-3199] DRC finished with 0 Errors, 1 Warnings
INFO: [Vivado 12-3200] Please refer to the DRC report (report_drc) for more information.
INFO: [Designutils 20-2272] Running write_bitstream with 2 threads.
Loading data files...
Loading site data...
Loading route data...
Processing options...
Creating bitmap...
Creating bitstream...
Writing bitstream ./lab1e_top.bit...
INFO: [Vivado 12-1842] Bitgen Completed Successfully.
INFO: [Project 1-120] WebTalk data collection is mandatory when using a WebPACK part without a full Vivado license. To see the specific WebTalk data collected for your design, open the usage_statistics_webtalk.html or usage_statistics_webtalk.xml file in the implementation directory.
INFO: [Common 17-83] Releasing license: Implementation
89 Infos, 4 Warnings, 0 Critical Warnings and 0 Errors encountered.
write_bitstream completed successfully
write_bitstream: Time (s): cpu = 00:00:18 ; elapsed = 00:00:23 . Memory (MB): peak = 2092.129 ; gain = 424.578
INFO: [Common 17-206] Exiting Vivado at Wed Sep 30 14:06:36 2020...

*** Running vivado
    with args -log lab1e_top.vdi -applog -m64 -product Vivado -messageDb vivado.pb -mode batch -source lab1e_top.tcl -notrace



****** Vivado v2020.1 (64-bit)
  **** SW Build 2902540 on Wed May 27 19:54:49 MDT 2020
  **** IP Build 2902112 on Wed May 27 22:43:36 MDT 2020
    ** Copyright 1986-2020 Xilinx, Inc. All Rights Reserved.

source lab1e_top.tcl -notrace
Command: open_checkpoint lab1e_top_routed.dcp

Starting open_checkpoint Task

Time (s): cpu = 00:00:00 ; elapsed = 00:00:00.055 . Memory (MB): peak = 1013.125 ; gain = 0.000
INFO: [Device 21-403] Loading part xc7z020clg400-1
Netlist sorting complete. Time (s): cpu = 00:00:00 ; elapsed = 00:00:00 . Memory (MB): peak = 1013.125 ; gain = 0.000
INFO: [Project 1-479] Netlist was created with Vivado 2020.1
INFO: [Project 1-570] Preparing netlist for logic optimization
INFO: [Timing 38-478] Restoring timing data from binary archive.
INFO: [Timing 38-479] Binary timing data restore complete.
INFO: [Project 1-856] Restoring constraints from binary archive.
INFO: [Project 1-853] Binary constraint restore complete.
Reading XDEF placement.
Reading placer database...
Reading XDEF routing.
Read XDEF File: Time (s): cpu = 00:00:00 ; elapsed = 00:00:00.144 . Memory (MB): peak = 1253.855 ; gain = 15.516
Restored from archive | CPU: 0.000000 secs | Memory: 0.000000 MB |
Finished XDEF File Restore: Time (s): cpu = 00:00:00 ; elapsed = 00:00:00.145 . Memory (MB): peak = 1253.855 ; gain = 15.516
Netlist sorting complete. Time (s): cpu = 00:00:00 ; elapsed = 00:00:00 . Memory (MB): peak = 1253.855 ; gain = 0.000
INFO: [Project 1-111] Unisim Transformation Summary:
No Unisim elements were transformed.

INFO: [Project 1-604] Checkpoint was created with Vivado v2020.1 (64-bit) build 2902540
open_checkpoint: Time (s): cpu = 00:00:25 ; elapsed = 00:00:28 . Memory (MB): peak = 1253.855 ; gain = 240.730
Command: write_bitstream -force lab1e_top.bit
Attempting to get a license for feature 'Implementation' and/or device 'xc7z020'
INFO: [Common 17-349] Got license for feature 'Implementation' and/or device 'xc7z020'
Running DRC as a precondition to command write_bitstream
INFO: [IP_Flow 19-234] Refreshing IP repositories
INFO: [IP_Flow 19-1704] No user IP repositories specified
INFO: [IP_Flow 19-2313] Loaded Vivado IP repository 'C:/Xilinx/Vivado/2020.1/data/ip'.
INFO: [DRC 23-27] Running DRC with 2 threads
WARNING: [DRC ZPS7-1] PS7 block required: The PS7 cell must be used in this Zynq design in order to enable correct default configuration.
INFO: [Vivado 12-3199] DRC finished with 0 Errors, 1 Warnings
INFO: [Vivado 12-3200] Please refer to the DRC report (report_drc) for more information.
INFO: [Designutils 20-2272] Running write_bitstream with 2 threads.
Loading data files...
Loading site data...
Loading route data...
Processing options...
Creating bitmap...
Creating bitstream...
Writing bitstream ./lab1e_top.bit...
INFO: [Vivado 12-1842] Bitgen Completed Successfully.
INFO: [Project 1-120] WebTalk data collection is mandatory when using a WebPACK part without a full Vivado license. To see the specific WebTalk data collected for your design, open the usage_statistics_webtalk.html or usage_statistics_webtalk.xml file in the implementation directory.
INFO: [Common 17-83] Releasing license: Implementation
20 Infos, 1 Warnings, 0 Critical Warnings and 0 Errors encountered.
write_bitstream completed successfully
write_bitstream: Time (s): cpu = 00:00:20 ; elapsed = 00:00:25 . Memory (MB): peak = 1724.969 ; gain = 471.113
INFO: [Common 17-206] Exiting Vivado at Wed Sep 30 14:12:41 2020...
