
*** Running vivado
    with args -log lab4_top.vdi -applog -m64 -product Vivado -messageDb vivado.pb -mode batch -source lab4_top.tcl -notrace



****** Vivado v2020.1 (64-bit)
  **** SW Build 2902540 on Wed May 27 19:54:49 MDT 2020
  **** IP Build 2902112 on Wed May 27 22:43:36 MDT 2020
    ** Copyright 1986-2020 Xilinx, Inc. All Rights Reserved.

source lab4_top.tcl -notrace
INFO: [IP_Flow 19-234] Refreshing IP repositories
INFO: [IP_Flow 19-1700] Loaded user IP repository 'c:/Users/nfaki/EE108_labs/hdmi_tx_ip'.
INFO: [IP_Flow 19-2313] Loaded Vivado IP repository 'C:/Xilinx/Vivado/2020.1/data/ip'.
WARNING: [IP_Flow 19-4995] The host OS only allows 260 characters in a normal path. The IP cache path is more than 80 characters. If you experience issues with IP caching, please consider changing the IP cache to a location with a shorter path. Alternately consider using the OS subst command to map part of the path to a drive letter. 
Current IP cache path is C:/Users/nfaki/Desktop/ee 108/Lab 4/lab4/lab4.runs/impl_1/{C:/Users/nfaki/Desktop/ee 108/Lab 4/lab4/lab4.cache/ip} 
Command: link_design -top lab4_top -part xc7z020clg400-1
Design is defaulting to srcset: sources_1
Design is defaulting to constrset: constrs_1
INFO: [Device 21-403] Loading part xc7z020clg400-1
INFO: [Project 1-454] Reading design checkpoint 'c:/Users/nfaki/Desktop/ee 108/Lab 4/lab4/lab4.srcs/sources_1/ip/clk_wiz_0/clk_wiz_0.dcp' for cell 'U2'
Netlist sorting complete. Time (s): cpu = 00:00:00 ; elapsed = 00:00:00.009 . Memory (MB): peak = 1012.309 ; gain = 0.000
INFO: [Netlist 29-17] Analyzing 31 Unisim elements for replacement
INFO: [Netlist 29-28] Unisim Transformation completed in 0 CPU seconds
INFO: [Project 1-479] Netlist was created with Vivado 2020.1
INFO: [Project 1-570] Preparing netlist for logic optimization
Parsing XDC File [c:/Users/nfaki/Desktop/ee 108/Lab 4/lab4/lab4.srcs/sources_1/ip/clk_wiz_0/clk_wiz_0_board.xdc] for cell 'U2/inst'
Finished Parsing XDC File [c:/Users/nfaki/Desktop/ee 108/Lab 4/lab4/lab4.srcs/sources_1/ip/clk_wiz_0/clk_wiz_0_board.xdc] for cell 'U2/inst'
Parsing XDC File [c:/Users/nfaki/Desktop/ee 108/Lab 4/lab4/lab4.srcs/sources_1/ip/clk_wiz_0/clk_wiz_0.xdc] for cell 'U2/inst'
INFO: [Timing 38-35] Done setting XDC timing constraints. [c:/Users/nfaki/Desktop/ee 108/Lab 4/lab4/lab4.srcs/sources_1/ip/clk_wiz_0/clk_wiz_0.xdc:57]
INFO: [Timing 38-2] Deriving generated clocks [c:/Users/nfaki/Desktop/ee 108/Lab 4/lab4/lab4.srcs/sources_1/ip/clk_wiz_0/clk_wiz_0.xdc:57]
get_clocks: Time (s): cpu = 00:00:09 ; elapsed = 00:00:09 . Memory (MB): peak = 1283.105 ; gain = 270.797
Finished Parsing XDC File [c:/Users/nfaki/Desktop/ee 108/Lab 4/lab4/lab4.srcs/sources_1/ip/clk_wiz_0/clk_wiz_0.xdc] for cell 'U2/inst'
Parsing XDC File [C:/Users/nfaki/EE108_labs/lab4/lab4.xdc]
Finished Parsing XDC File [C:/Users/nfaki/EE108_labs/lab4/lab4.xdc]
INFO: [Opt 31-138] Pushed 0 inverter(s) to 0 load pin(s).
Netlist sorting complete. Time (s): cpu = 00:00:00 ; elapsed = 00:00:00 . Memory (MB): peak = 1283.105 ; gain = 0.000
INFO: [Project 1-111] Unisim Transformation Summary:
  A total of 1 instances were transformed.
  IOBUF => IOBUF (IBUF, OBUFT): 1 instance 

13 Infos, 1 Warnings, 0 Critical Warnings and 0 Errors encountered.
link_design completed successfully
link_design: Time (s): cpu = 00:00:16 ; elapsed = 00:00:18 . Memory (MB): peak = 1283.105 ; gain = 270.797
Command: opt_design
Attempting to get a license for feature 'Implementation' and/or device 'xc7z020'
INFO: [Common 17-349] Got license for feature 'Implementation' and/or device 'xc7z020'
Running DRC as a precondition to command opt_design

Starting DRC Task
INFO: [DRC 23-27] Running DRC with 2 threads
INFO: [Project 1-461] DRC finished with 0 Errors
INFO: [Project 1-462] Please refer to the DRC report (report_drc) for more information.

Time (s): cpu = 00:00:02 ; elapsed = 00:00:01 . Memory (MB): peak = 1283.105 ; gain = 0.000

Starting Cache Timing Information Task
INFO: [Timing 38-35] Done setting XDC timing constraints.
INFO: [Timing 38-2] Deriving generated clocks
Ending Cache Timing Information Task | Checksum: 128e608a8

Time (s): cpu = 00:00:00 ; elapsed = 00:00:00.079 . Memory (MB): peak = 1303.004 ; gain = 19.898

Starting Logic Optimization Task

Phase 1 Retarget
INFO: [Opt 31-138] Pushed 0 inverter(s) to 0 load pin(s).
INFO: [Opt 31-49] Retargeted 0 cell(s).
Phase 1 Retarget | Checksum: 128e608a8

Time (s): cpu = 00:00:00 ; elapsed = 00:00:00.054 . Memory (MB): peak = 1496.445 ; gain = 0.000
INFO: [Opt 31-389] Phase Retarget created 0 cells and removed 0 cells
INFO: [Opt 31-1021] In phase Retarget, 2 netlist objects are constrained preventing optimization. Please run opt_design with -debug_log to get more detail. 

Phase 2 Constant propagation
INFO: [Opt 31-138] Pushed 0 inverter(s) to 0 load pin(s).
Phase 2 Constant propagation | Checksum: 128e608a8

Time (s): cpu = 00:00:00 ; elapsed = 00:00:00.059 . Memory (MB): peak = 1496.445 ; gain = 0.000
INFO: [Opt 31-389] Phase Constant propagation created 0 cells and removed 0 cells

Phase 3 Sweep
Phase 3 Sweep | Checksum: 172cb2d25

Time (s): cpu = 00:00:00 ; elapsed = 00:00:00.074 . Memory (MB): peak = 1496.445 ; gain = 0.000
INFO: [Opt 31-389] Phase Sweep created 0 cells and removed 0 cells

Phase 4 BUFG optimization
Phase 4 BUFG optimization | Checksum: 172cb2d25

Time (s): cpu = 00:00:00 ; elapsed = 00:00:00.087 . Memory (MB): peak = 1496.445 ; gain = 0.000
INFO: [Opt 31-662] Phase BUFG optimization created 0 cells of which 0 are BUFGs and removed 0 cells.

Phase 5 Shift Register Optimization
INFO: [Opt 31-1064] SRL Remap converted 0 SRLs to 0 registers and converted 0 registers of register chains to 0 SRLs
Phase 5 Shift Register Optimization | Checksum: 172cb2d25

Time (s): cpu = 00:00:00 ; elapsed = 00:00:00.097 . Memory (MB): peak = 1496.445 ; gain = 0.000
INFO: [Opt 31-389] Phase Shift Register Optimization created 0 cells and removed 0 cells

Phase 6 Post Processing Netlist
Phase 6 Post Processing Netlist | Checksum: 172cb2d25

Time (s): cpu = 00:00:00 ; elapsed = 00:00:00.100 . Memory (MB): peak = 1496.445 ; gain = 0.000
INFO: [Opt 31-389] Phase Post Processing Netlist created 0 cells and removed 0 cells
Opt_design Change Summary
=========================


-------------------------------------------------------------------------------------------------------------------------
|  Phase                        |  #Cells created  |  #Cells Removed  |  #Constrained objects preventing optimizations  |
-------------------------------------------------------------------------------------------------------------------------
|  Retarget                     |               0  |               0  |                                              2  |
|  Constant propagation         |               0  |               0  |                                              0  |
|  Sweep                        |               0  |               0  |                                              0  |
|  BUFG optimization            |               0  |               0  |                                              0  |
|  Shift Register Optimization  |               0  |               0  |                                              0  |
|  Post Processing Netlist      |               0  |               0  |                                              0  |
-------------------------------------------------------------------------------------------------------------------------



Starting Connectivity Check Task

Time (s): cpu = 00:00:00 ; elapsed = 00:00:00.002 . Memory (MB): peak = 1496.445 ; gain = 0.000
Ending Logic Optimization Task | Checksum: 24a6ceb0c

Time (s): cpu = 00:00:00 ; elapsed = 00:00:00.119 . Memory (MB): peak = 1496.445 ; gain = 0.000

Starting Power Optimization Task
INFO: [Pwropt 34-132] Skipping clock gating for clocks with a period < 2.00 ns.
INFO: [Timing 38-35] Done setting XDC timing constraints.
Running Vector-less Activity Propagation...
INFO: [Pwropt 34-9] Applying IDT optimizations ...
INFO: [Pwropt 34-10] Applying ODC optimizations ...

Finished Running Vector-less Activity Propagation


Starting PowerOpt Patch Enables Task
INFO: [Pwropt 34-162] WRITE_MODE attribute of 0 BRAM(s) out of a total of 4 has been updated to save power. Run report_power_opt to get a complete listing of the BRAMs updated.
INFO: [Pwropt 34-201] Structural ODC has moved 0 WE to EN ports
Number of BRAM Ports augmented: 0 newly gated: 2 Total Ports: 8
Number of Flops added for Enable Generation: 3

Ending PowerOpt Patch Enables Task | Checksum: 2907ebc9b

Time (s): cpu = 00:00:00 ; elapsed = 00:00:00.019 . Memory (MB): peak = 1603.422 ; gain = 0.000
Ending Power Optimization Task | Checksum: 2907ebc9b

Time (s): cpu = 00:00:02 ; elapsed = 00:00:00.855 . Memory (MB): peak = 1603.422 ; gain = 106.977

Starting Final Cleanup Task

Starting Logic Optimization Task
INFO: [Timing 38-35] Done setting XDC timing constraints.
Ending Logic Optimization Task | Checksum: 29c906e7f

Time (s): cpu = 00:00:00 ; elapsed = 00:00:00.096 . Memory (MB): peak = 1603.422 ; gain = 0.000
Ending Final Cleanup Task | Checksum: 29c906e7f

Time (s): cpu = 00:00:02 ; elapsed = 00:00:03 . Memory (MB): peak = 1603.422 ; gain = 0.000

Starting Netlist Obfuscation Task
Netlist sorting complete. Time (s): cpu = 00:00:00 ; elapsed = 00:00:00 . Memory (MB): peak = 1603.422 ; gain = 0.000
Ending Netlist Obfuscation Task | Checksum: 29c906e7f

Time (s): cpu = 00:00:00 ; elapsed = 00:00:00 . Memory (MB): peak = 1603.422 ; gain = 0.000
INFO: [Common 17-83] Releasing license: Implementation
38 Infos, 1 Warnings, 0 Critical Warnings and 0 Errors encountered.
opt_design completed successfully
opt_design: Time (s): cpu = 00:00:08 ; elapsed = 00:00:08 . Memory (MB): peak = 1603.422 ; gain = 320.316
INFO: [Timing 38-480] Writing timing data to binary archive.
Writing placer database...
Writing XDEF routing.
Writing XDEF routing logical nets.
Writing XDEF routing special nets.
Write XDEF Complete: Time (s): cpu = 00:00:01 ; elapsed = 00:00:00.077 . Memory (MB): peak = 1603.422 ; gain = 0.000
INFO: [Common 17-1381] The checkpoint 'C:/Users/nfaki/Desktop/ee 108/Lab 4/lab4/lab4.runs/impl_1/lab4_top_opt.dcp' has been generated.
INFO: [runtcl-4] Executing : report_drc -file lab4_top_drc_opted.rpt -pb lab4_top_drc_opted.pb -rpx lab4_top_drc_opted.rpx
Command: report_drc -file lab4_top_drc_opted.rpt -pb lab4_top_drc_opted.pb -rpx lab4_top_drc_opted.rpx
INFO: [IP_Flow 19-1839] IP Catalog is up to date.
INFO: [DRC 23-27] Running DRC with 2 threads
INFO: [Coretcl 2-168] The results of DRC are in file C:/Users/nfaki/Desktop/ee 108/Lab 4/lab4/lab4.runs/impl_1/lab4_top_drc_opted.rpt.
report_drc completed successfully
Command: place_design
Attempting to get a license for feature 'Implementation' and/or device 'xc7z020'
INFO: [Common 17-349] Got license for feature 'Implementation' and/or device 'xc7z020'
INFO: [DRC 23-27] Running DRC with 2 threads
INFO: [Vivado_Tcl 4-198] DRC finished with 0 Errors
INFO: [Vivado_Tcl 4-199] Please refer to the DRC report (report_drc) for more information.
Running DRC as a precondition to command place_design
INFO: [DRC 23-27] Running DRC with 2 threads
INFO: [Vivado_Tcl 4-198] DRC finished with 0 Errors
INFO: [Vivado_Tcl 4-199] Please refer to the DRC report (report_drc) for more information.

Starting Placer Task
INFO: [Place 30-611] Multithreading enabled for place_design using a maximum of 2 CPUs

Phase 1 Placer Initialization

Phase 1.1 Placer Initialization Netlist Sorting
Netlist sorting complete. Time (s): cpu = 00:00:00 ; elapsed = 00:00:00 . Memory (MB): peak = 1603.422 ; gain = 0.000
Phase 1.1 Placer Initialization Netlist Sorting | Checksum: 1ab11448b

Time (s): cpu = 00:00:00 ; elapsed = 00:00:00.005 . Memory (MB): peak = 1603.422 ; gain = 0.000
Netlist sorting complete. Time (s): cpu = 00:00:00 ; elapsed = 00:00:00 . Memory (MB): peak = 1603.422 ; gain = 0.000

Phase 1.2 IO Placement/ Clock Placement/ Build Placer Device
INFO: [Timing 38-35] Done setting XDC timing constraints.
Phase 1.2 IO Placement/ Clock Placement/ Build Placer Device | Checksum: bed2ce18

Time (s): cpu = 00:00:00 ; elapsed = 00:00:00.472 . Memory (MB): peak = 1603.422 ; gain = 0.000

Phase 1.3 Build Placer Netlist Model
Phase 1.3 Build Placer Netlist Model | Checksum: d7c99c02

Time (s): cpu = 00:00:00 ; elapsed = 00:00:00.682 . Memory (MB): peak = 1603.422 ; gain = 0.000

Phase 1.4 Constrain Clocks/Macros
Phase 1.4 Constrain Clocks/Macros | Checksum: d7c99c02

Time (s): cpu = 00:00:00 ; elapsed = 00:00:00.688 . Memory (MB): peak = 1603.422 ; gain = 0.000
Phase 1 Placer Initialization | Checksum: d7c99c02

Time (s): cpu = 00:00:00 ; elapsed = 00:00:00.698 . Memory (MB): peak = 1603.422 ; gain = 0.000

Phase 2 Global Placement

Phase 2.1 Floorplanning
Phase 2.1 Floorplanning | Checksum: 180188dc1

Time (s): cpu = 00:00:01 ; elapsed = 00:00:00.794 . Memory (MB): peak = 1603.422 ; gain = 0.000

Phase 2.2 Global Placement Core

Phase 2.2.1 Physical Synthesis In Placer
INFO: [Physopt 32-1035] Found 0 LUTNM shape to break, 19 LUT instances to create LUTNM shape
INFO: [Physopt 32-1044] Break lutnm for timing: one critical 0, two critical 0, total 0, new lutff created 0
INFO: [Physopt 32-775] End 1 Pass. Optimized 6 nets or cells. Created 0 new cell, deleted 6 existing cells and moved 0 existing cell
INFO: [Physopt 32-65] No nets found for high-fanout optimization.
INFO: [Physopt 32-232] Optimized 0 net. Created 0 new instance.
INFO: [Physopt 32-775] End 1 Pass. Optimized 0 net or cell. Created 0 new cell, deleted 0 existing cell and moved 0 existing cell
INFO: [Physopt 32-456] No candidate cells for DSP register optimization found in the design.
INFO: [Physopt 32-775] End 2 Pass. Optimized 0 net or cell. Created 0 new cell, deleted 0 existing cell and moved 0 existing cell
INFO: [Physopt 32-1123] No candidate cells found for Shift Register to Pipeline optimization
INFO: [Physopt 32-775] End 1 Pass. Optimized 0 net or cell. Created 0 new cell, deleted 0 existing cell and moved 0 existing cell
INFO: [Physopt 32-677] No candidate cells for Shift Register optimization found in the design
INFO: [Physopt 32-775] End 1 Pass. Optimized 0 net or cell. Created 0 new cell, deleted 0 existing cell and moved 0 existing cell
INFO: [Physopt 32-526] No candidate cells for BRAM register optimization found in the design
INFO: [Physopt 32-775] End 1 Pass. Optimized 0 net or cell. Created 0 new cell, deleted 0 existing cell and moved 0 existing cell
INFO: [Physopt 32-846] No candidate cells for URAM register optimization found in the design
INFO: [Physopt 32-775] End 2 Pass. Optimized 0 net or cell. Created 0 new cell, deleted 0 existing cell and moved 0 existing cell
INFO: [Physopt 32-949] No candidate nets found for HD net replication
INFO: [Physopt 32-775] End 1 Pass. Optimized 0 net or cell. Created 0 new cell, deleted 0 existing cell and moved 0 existing cell
Netlist sorting complete. Time (s): cpu = 00:00:00 ; elapsed = 00:00:00 . Memory (MB): peak = 1603.422 ; gain = 0.000

Summary of Physical Synthesis Optimizations
============================================


-----------------------------------------------------------------------------------------------------------------------------------------------------------
|  Optimization                                     |  Added Cells  |  Removed Cells  |  Optimized Cells/Nets  |  Dont Touch  |  Iterations  |  Elapsed   |
-----------------------------------------------------------------------------------------------------------------------------------------------------------
|  LUT Combining                                    |            0  |              6  |                     6  |           0  |           1  |  00:00:00  |
|  Very High Fanout                                 |            0  |              0  |                     0  |           0  |           1  |  00:00:00  |
|  DSP Register                                     |            0  |              0  |                     0  |           0  |           1  |  00:00:00  |
|  Shift Register to Pipeline                       |            0  |              0  |                     0  |           0  |           1  |  00:00:00  |
|  Shift Register                                   |            0  |              0  |                     0  |           0  |           1  |  00:00:00  |
|  BRAM Register                                    |            0  |              0  |                     0  |           0  |           1  |  00:00:00  |
|  URAM Register                                    |            0  |              0  |                     0  |           0  |           1  |  00:00:00  |
|  Dynamic/Static Region Interface Net Replication  |            0  |              0  |                     0  |           0  |           1  |  00:00:00  |
|  Total                                            |            0  |              6  |                     6  |           0  |           8  |  00:00:00  |
-----------------------------------------------------------------------------------------------------------------------------------------------------------


Phase 2.2.1 Physical Synthesis In Placer | Checksum: 1b521e3b7

Time (s): cpu = 00:00:04 ; elapsed = 00:00:03 . Memory (MB): peak = 1603.422 ; gain = 0.000
Phase 2.2 Global Placement Core | Checksum: 1fa4bbf08

Time (s): cpu = 00:00:05 ; elapsed = 00:00:03 . Memory (MB): peak = 1603.422 ; gain = 0.000
Phase 2 Global Placement | Checksum: 1fa4bbf08

Time (s): cpu = 00:00:05 ; elapsed = 00:00:03 . Memory (MB): peak = 1603.422 ; gain = 0.000

Phase 3 Detail Placement

Phase 3.1 Commit Multi Column Macros
Phase 3.1 Commit Multi Column Macros | Checksum: 16654be56

Time (s): cpu = 00:00:05 ; elapsed = 00:00:03 . Memory (MB): peak = 1603.422 ; gain = 0.000

Phase 3.2 Commit Most Macros & LUTRAMs
Phase 3.2 Commit Most Macros & LUTRAMs | Checksum: 1e4e93c99

Time (s): cpu = 00:00:05 ; elapsed = 00:00:03 . Memory (MB): peak = 1603.422 ; gain = 0.000

Phase 3.3 Area Swap Optimization
Phase 3.3 Area Swap Optimization | Checksum: 259ed992c

Time (s): cpu = 00:00:05 ; elapsed = 00:00:03 . Memory (MB): peak = 1603.422 ; gain = 0.000

Phase 3.4 Pipeline Register Optimization
Phase 3.4 Pipeline Register Optimization | Checksum: 1b0b63b14

Time (s): cpu = 00:00:05 ; elapsed = 00:00:03 . Memory (MB): peak = 1603.422 ; gain = 0.000

Phase 3.5 Fast Optimization
Phase 3.5 Fast Optimization | Checksum: 20d482c9c

Time (s): cpu = 00:00:06 ; elapsed = 00:00:04 . Memory (MB): peak = 1603.422 ; gain = 0.000

Phase 3.6 Small Shape Detail Placement
Phase 3.6 Small Shape Detail Placement | Checksum: 15c9e4862

Time (s): cpu = 00:00:06 ; elapsed = 00:00:04 . Memory (MB): peak = 1603.422 ; gain = 0.000

Phase 3.7 Re-assign LUT pins
Phase 3.7 Re-assign LUT pins | Checksum: 17b8d192e

Time (s): cpu = 00:00:06 ; elapsed = 00:00:04 . Memory (MB): peak = 1603.422 ; gain = 0.000

Phase 3.8 Pipeline Register Optimization
Phase 3.8 Pipeline Register Optimization | Checksum: 107725755

Time (s): cpu = 00:00:06 ; elapsed = 00:00:04 . Memory (MB): peak = 1603.422 ; gain = 0.000

Phase 3.9 Fast Optimization
Phase 3.9 Fast Optimization | Checksum: 1cc999b16

Time (s): cpu = 00:00:06 ; elapsed = 00:00:04 . Memory (MB): peak = 1603.422 ; gain = 0.000
Phase 3 Detail Placement | Checksum: 1cc999b16

Time (s): cpu = 00:00:06 ; elapsed = 00:00:04 . Memory (MB): peak = 1603.422 ; gain = 0.000

Phase 4 Post Placement Optimization and Clean-Up

Phase 4.1 Post Commit Optimization
INFO: [Timing 38-35] Done setting XDC timing constraints.

Phase 4.1.1 Post Placement Optimization
Post Placement Optimization Initialization | Checksum: 1a50afcea

Phase 4.1.1.1 BUFG Insertion

Starting Physical Synthesis Task

Phase 1 Physical Synthesis Initialization
INFO: [Physopt 32-721] Multithreading enabled for phys_opt_design using a maximum of 2 CPUs
INFO: [Physopt 32-619] Estimated Timing Summary | WNS=-1.896 | TNS=-107.594 |
Phase 1 Physical Synthesis Initialization | Checksum: 1fb755eb8

Time (s): cpu = 00:00:00 ; elapsed = 00:00:00.047 . Memory (MB): peak = 1603.422 ; gain = 0.000
INFO: [Place 46-56] BUFG insertion identified 0 candidate nets. Inserted BUFG: 0, Replicated BUFG Driver: 0, Skipped due to Placement/Routing Conflicts: 0, Skipped due to Timing Degradation: 0, Skipped due to Illegal Netlist: 0.
Ending Physical Synthesis Task | Checksum: 27a56d4ce

Time (s): cpu = 00:00:00 ; elapsed = 00:00:00.049 . Memory (MB): peak = 1603.422 ; gain = 0.000
Phase 4.1.1.1 BUFG Insertion | Checksum: 1a50afcea

Time (s): cpu = 00:00:07 ; elapsed = 00:00:05 . Memory (MB): peak = 1603.422 ; gain = 0.000
INFO: [Place 30-746] Post Placement Timing Summary WNS=-1.657. For the most accurate timing information please run report_timing.
Phase 4.1.1 Post Placement Optimization | Checksum: 223666666

Time (s): cpu = 00:00:25 ; elapsed = 00:00:23 . Memory (MB): peak = 1603.422 ; gain = 0.000
Phase 4.1 Post Commit Optimization | Checksum: 223666666

Time (s): cpu = 00:00:25 ; elapsed = 00:00:23 . Memory (MB): peak = 1603.422 ; gain = 0.000

Phase 4.2 Post Placement Cleanup
Phase 4.2 Post Placement Cleanup | Checksum: 223666666

Time (s): cpu = 00:00:25 ; elapsed = 00:00:23 . Memory (MB): peak = 1603.422 ; gain = 0.000

Phase 4.3 Placer Reporting
Phase 4.3 Placer Reporting | Checksum: 223666666

Time (s): cpu = 00:00:25 ; elapsed = 00:00:23 . Memory (MB): peak = 1603.422 ; gain = 0.000

Phase 4.4 Final Placement Cleanup
Netlist sorting complete. Time (s): cpu = 00:00:00 ; elapsed = 00:00:00 . Memory (MB): peak = 1603.422 ; gain = 0.000
Phase 4.4 Final Placement Cleanup | Checksum: 1806b1ce5

Time (s): cpu = 00:00:25 ; elapsed = 00:00:23 . Memory (MB): peak = 1603.422 ; gain = 0.000
Phase 4 Post Placement Optimization and Clean-Up | Checksum: 1806b1ce5

Time (s): cpu = 00:00:25 ; elapsed = 00:00:23 . Memory (MB): peak = 1603.422 ; gain = 0.000
Ending Placer Task | Checksum: c50b57b7

Time (s): cpu = 00:00:25 ; elapsed = 00:00:23 . Memory (MB): peak = 1603.422 ; gain = 0.000
INFO: [Common 17-83] Releasing license: Implementation
77 Infos, 1 Warnings, 0 Critical Warnings and 0 Errors encountered.
place_design completed successfully
place_design: Time (s): cpu = 00:00:28 ; elapsed = 00:00:24 . Memory (MB): peak = 1603.422 ; gain = 0.000
INFO: [Timing 38-480] Writing timing data to binary archive.
Writing placer database...
Writing XDEF routing.
Writing XDEF routing logical nets.
Writing XDEF routing special nets.
Write XDEF Complete: Time (s): cpu = 00:00:00 ; elapsed = 00:00:00.108 . Memory (MB): peak = 1603.422 ; gain = 0.000
INFO: [Common 17-1381] The checkpoint 'C:/Users/nfaki/Desktop/ee 108/Lab 4/lab4/lab4.runs/impl_1/lab4_top_placed.dcp' has been generated.
INFO: [runtcl-4] Executing : report_io -file lab4_top_io_placed.rpt
report_io: Time (s): cpu = 00:00:00 ; elapsed = 00:00:00.051 . Memory (MB): peak = 1603.422 ; gain = 0.000
INFO: [runtcl-4] Executing : report_utilization -file lab4_top_utilization_placed.rpt -pb lab4_top_utilization_placed.pb
INFO: [runtcl-4] Executing : report_control_sets -verbose -file lab4_top_control_sets_placed.rpt
report_control_sets: Time (s): cpu = 00:00:00 ; elapsed = 00:00:00.008 . Memory (MB): peak = 1603.422 ; gain = 0.000
Command: phys_opt_design
Attempting to get a license for feature 'Implementation' and/or device 'xc7z020'
INFO: [Common 17-349] Got license for feature 'Implementation' and/or device 'xc7z020'
Netlist sorting complete. Time (s): cpu = 00:00:00 ; elapsed = 00:00:00 . Memory (MB): peak = 1603.422 ; gain = 0.000

Starting Physical Synthesis Task

Phase 1 Physical Synthesis Initialization
INFO: [Physopt 32-721] Multithreading enabled for phys_opt_design using a maximum of 2 CPUs
INFO: [Physopt 32-619] Estimated Timing Summary | WNS=-1.657 | TNS=-100.443 |
Phase 1 Physical Synthesis Initialization | Checksum: 221cd5afa

Time (s): cpu = 00:00:01 ; elapsed = 00:00:00.797 . Memory (MB): peak = 1603.422 ; gain = 0.000
INFO: [Physopt 32-619] Estimated Timing Summary | WNS=-1.657 | TNS=-100.443 |

Phase 2 DSP Register Optimization
INFO: [Physopt 32-456] No candidate cells for DSP register optimization found in the design.
INFO: [Physopt 32-775] End 2 Pass. Optimized 0 net or cell. Created 0 new cell, deleted 0 existing cell and moved 0 existing cell
Phase 2 DSP Register Optimization | Checksum: 221cd5afa

Time (s): cpu = 00:00:01 ; elapsed = 00:00:00.803 . Memory (MB): peak = 1603.422 ; gain = 0.000

Phase 3 Critical Path Optimization
INFO: [Physopt 32-619] Estimated Timing Summary | WNS=-1.657 | TNS=-100.443 |
INFO: [Physopt 32-663] Processed net music_player/beat_generator/counter/q_reg[1].  Re-placed instance music_player/beat_generator/counter/q_reg[1]
INFO: [Physopt 32-735] Processed net music_player/beat_generator/counter/q_reg[1]. Optimization improves timing on the net.
INFO: [Physopt 32-619] Estimated Timing Summary | WNS=-1.657 | TNS=-100.302 |
INFO: [Physopt 32-663] Processed net music_player/beat_generator/counter/q_reg[2].  Re-placed instance music_player/beat_generator/counter/q_reg[2]
INFO: [Physopt 32-735] Processed net music_player/beat_generator/counter/q_reg[2]. Optimization improves timing on the net.
INFO: [Physopt 32-619] Estimated Timing Summary | WNS=-1.657 | TNS=-100.161 |
INFO: [Physopt 32-663] Processed net music_player/beat_generator/counter/q_reg[3].  Re-placed instance music_player/beat_generator/counter/q_reg[3]
INFO: [Physopt 32-735] Processed net music_player/beat_generator/counter/q_reg[3]. Optimization improves timing on the net.
INFO: [Physopt 32-619] Estimated Timing Summary | WNS=-1.657 | TNS=-100.020 |
INFO: [Physopt 32-663] Processed net music_player/beat_generator/counter/q_reg[4].  Re-placed instance music_player/beat_generator/counter/q_reg[4]
INFO: [Physopt 32-735] Processed net music_player/beat_generator/counter/q_reg[4]. Optimization improves timing on the net.
INFO: [Physopt 32-619] Estimated Timing Summary | WNS=-1.657 | TNS=-99.879 |
INFO: [Physopt 32-663] Processed net music_player/beat_generator/counter/q_reg[5].  Re-placed instance music_player/beat_generator/counter/q_reg[5]
INFO: [Physopt 32-735] Processed net music_player/beat_generator/counter/q_reg[5]. Optimization improves timing on the net.
INFO: [Physopt 32-619] Estimated Timing Summary | WNS=-1.657 | TNS=-99.738 |
INFO: [Physopt 32-663] Processed net music_player/beat_generator/counter/q_reg[8].  Re-placed instance music_player/beat_generator/counter/q_reg[8]
INFO: [Physopt 32-735] Processed net music_player/beat_generator/counter/q_reg[8]. Optimization improves timing on the net.
INFO: [Physopt 32-619] Estimated Timing Summary | WNS=-1.657 | TNS=-99.597 |
INFO: [Physopt 32-663] Processed net music_player/beat_generator/counter/q_reg[9].  Re-placed instance music_player/beat_generator/counter/q_reg[9]
INFO: [Physopt 32-735] Processed net music_player/beat_generator/counter/q_reg[9]. Optimization improves timing on the net.
INFO: [Physopt 32-619] Estimated Timing Summary | WNS=-1.655 | TNS=-99.456 |
INFO: [Physopt 32-663] Processed net music_player/codec_conditioner/current_sample_latch/q_reg[15]_0[12].  Re-placed instance music_player/codec_conditioner/current_sample_latch/q_reg[13]
INFO: [Physopt 32-735] Processed net music_player/codec_conditioner/current_sample_latch/q_reg[15]_0[12]. Optimization improves timing on the net.
INFO: [Physopt 32-619] Estimated Timing Summary | WNS=-1.655 | TNS=-99.321 |
INFO: [Physopt 32-663] Processed net music_player/codec_conditioner/current_sample_latch/q_reg[15]_0[13].  Re-placed instance music_player/codec_conditioner/current_sample_latch/q_reg[14]
INFO: [Physopt 32-735] Processed net music_player/codec_conditioner/current_sample_latch/q_reg[15]_0[13]. Optimization improves timing on the net.
INFO: [Physopt 32-619] Estimated Timing Summary | WNS=-1.655 | TNS=-99.252 |
INFO: [Physopt 32-663] Processed net music_player/codec_conditioner/current_sample_latch/q_reg[15]_0[8].  Re-placed instance music_player/codec_conditioner/current_sample_latch/q_reg[9]
INFO: [Physopt 32-735] Processed net music_player/codec_conditioner/current_sample_latch/q_reg[15]_0[8]. Optimization improves timing on the net.
INFO: [Physopt 32-619] Estimated Timing Summary | WNS=-1.628 | TNS=-99.170 |
INFO: [Physopt 32-663] Processed net music_player/note_player/sineread/get_addr/curr_addr[20].  Re-placed instance music_player/note_player/sineread/get_addr/q_reg[20]
INFO: [Physopt 32-735] Processed net music_player/note_player/sineread/get_addr/curr_addr[20]. Optimization improves timing on the net.
INFO: [Physopt 32-619] Estimated Timing Summary | WNS=-1.628 | TNS=-99.021 |
INFO: [Physopt 32-663] Processed net music_player/note_player/sineread/get_addr/q_reg[21]_0[0].  Re-placed instance music_player/note_player/sineread/get_addr/q_reg[21]
INFO: [Physopt 32-735] Processed net music_player/note_player/sineread/get_addr/q_reg[21]_0[0]. Optimization improves timing on the net.
INFO: [Physopt 32-619] Estimated Timing Summary | WNS=-1.627 | TNS=-98.872 |
INFO: [Physopt 32-663] Processed net music_player/note_player/sineread/get_addr/q_reg[0]_0.  Re-placed instance music_player/note_player/sineread/get_addr/q_reg[0]
INFO: [Physopt 32-735] Processed net music_player/note_player/sineread/get_addr/q_reg[0]_0. Optimization improves timing on the net.
INFO: [Physopt 32-619] Estimated Timing Summary | WNS=-1.627 | TNS=-98.724 |
INFO: [Physopt 32-663] Processed net music_player/note_player/sineread/get_addr/q_reg[1]_0.  Re-placed instance music_player/note_player/sineread/get_addr/q_reg[1]
INFO: [Physopt 32-735] Processed net music_player/note_player/sineread/get_addr/q_reg[1]_0. Optimization improves timing on the net.
INFO: [Physopt 32-619] Estimated Timing Summary | WNS=-1.627 | TNS=-98.576 |
INFO: [Physopt 32-663] Processed net music_player/note_player/sineread/get_addr/q_reg[2]_0.  Re-placed instance music_player/note_player/sineread/get_addr/q_reg[2]
INFO: [Physopt 32-735] Processed net music_player/note_player/sineread/get_addr/q_reg[2]_0. Optimization improves timing on the net.
INFO: [Physopt 32-619] Estimated Timing Summary | WNS=-1.627 | TNS=-98.435 |
INFO: [Physopt 32-663] Processed net music_player/note_player/sineread/get_addr/q_reg[3]_0.  Re-placed instance music_player/note_player/sineread/get_addr/q_reg[3]
INFO: [Physopt 32-735] Processed net music_player/note_player/sineread/get_addr/q_reg[3]_0. Optimization improves timing on the net.
INFO: [Physopt 32-619] Estimated Timing Summary | WNS=-1.535 | TNS=-98.294 |
INFO: [Physopt 32-663] Processed net music_player/note_player/sineread/get_addr/q_reg[0].  Re-placed instance music_player/note_player/sineread/get_addr/q_reg[10]
INFO: [Physopt 32-735] Processed net music_player/note_player/sineread/get_addr/q_reg[0]. Optimization improves timing on the net.
INFO: [Physopt 32-619] Estimated Timing Summary | WNS=-1.535 | TNS=-98.245 |
INFO: [Physopt 32-663] Processed net music_player/note_player/sineread/get_addr/q_reg[1].  Re-placed instance music_player/note_player/sineread/get_addr/q_reg[11]
INFO: [Physopt 32-735] Processed net music_player/note_player/sineread/get_addr/q_reg[1]. Optimization improves timing on the net.
INFO: [Physopt 32-619] Estimated Timing Summary | WNS=-1.535 | TNS=-98.196 |
INFO: [Physopt 32-663] Processed net music_player/note_player/sineread/get_addr/q_reg[8]_0.  Re-placed instance music_player/note_player/sineread/get_addr/q_reg[8]
INFO: [Physopt 32-735] Processed net music_player/note_player/sineread/get_addr/q_reg[8]_0. Optimization improves timing on the net.
INFO: [Physopt 32-619] Estimated Timing Summary | WNS=-1.535 | TNS=-98.147 |
INFO: [Physopt 32-663] Processed net music_player/note_player/sineread/get_addr/q_reg[9]_0.  Re-placed instance music_player/note_player/sineread/get_addr/q_reg[9]
INFO: [Physopt 32-735] Processed net music_player/note_player/sineread/get_addr/q_reg[9]_0. Optimization improves timing on the net.
INFO: [Physopt 32-619] Estimated Timing Summary | WNS=-1.520 | TNS=-98.098 |
INFO: [Physopt 32-663] Processed net music_player/codec_conditioner/current_sample_latch/q_reg[15]_0[9].  Re-placed instance music_player/codec_conditioner/current_sample_latch/q_reg[10]
INFO: [Physopt 32-735] Processed net music_player/codec_conditioner/current_sample_latch/q_reg[15]_0[9]. Optimization improves timing on the net.
INFO: [Physopt 32-619] Estimated Timing Summary | WNS=-1.520 | TNS=-98.092 |
INFO: [Physopt 32-663] Processed net music_player/codec_conditioner/current_sample_latch/q_reg[15]_0[12].  Re-placed instance music_player/codec_conditioner/current_sample_latch/q_reg[13]
INFO: [Physopt 32-735] Processed net music_player/codec_conditioner/current_sample_latch/q_reg[15]_0[12]. Optimization improves timing on the net.
INFO: [Physopt 32-619] Estimated Timing Summary | WNS=-1.520 | TNS=-98.190 |
INFO: [Physopt 32-663] Processed net music_player/codec_conditioner/current_sample_latch/q_reg[15]_0[13].  Re-placed instance music_player/codec_conditioner/current_sample_latch/q_reg[14]
INFO: [Physopt 32-735] Processed net music_player/codec_conditioner/current_sample_latch/q_reg[15]_0[13]. Optimization improves timing on the net.
INFO: [Physopt 32-619] Estimated Timing Summary | WNS=-1.518 | TNS=-98.238 |
INFO: [Physopt 32-663] Processed net music_player/beat_generator/counter/q_reg[0].  Re-placed instance music_player/beat_generator/counter/q_reg[0]
INFO: [Physopt 32-735] Processed net music_player/beat_generator/counter/q_reg[0]. Optimization improves timing on the net.
INFO: [Physopt 32-619] Estimated Timing Summary | WNS=-1.518 | TNS=-98.236 |
INFO: [Physopt 32-662] Processed net music_player/beat_generator/counter/q_reg[6].  Did not re-place instance music_player/beat_generator/counter/q_reg[6]
INFO: [Physopt 32-702] Processed net music_player/beat_generator/counter/q_reg[6]. Optimizations did not improve timing on the net.
INFO: [Physopt 32-702] Processed net adau1761_codec/codec_clock_gen/clkout0. Optimizations did not improve timing on the net.
INFO: [Physopt 32-572] Net adau1761_codec/i2c_interface/Inst_i2s_data_interface/new_sample_reg_0 was not replicated.
Resolution: phys_opt_design can be forced to replicate a net driver using the option -force_replication_on_nets <list of net objects>.
INFO: [Physopt 32-662] Processed net adau1761_codec/i2c_interface/Inst_i2s_data_interface/new_sample_reg_0.  Did not re-place instance adau1761_codec/i2c_interface/Inst_i2s_data_interface/q[15]_i_1
INFO: [Physopt 32-702] Processed net adau1761_codec/i2c_interface/Inst_i2s_data_interface/new_sample_reg_0. Optimizations did not improve timing on the net.
INFO: [Physopt 32-663] Processed net adau1761_codec/i2c_interface/Inst_i2s_data_interface/new_frame.  Re-placed instance adau1761_codec/i2c_interface/Inst_i2s_data_interface/new_sample_reg
INFO: [Physopt 32-735] Processed net adau1761_codec/i2c_interface/Inst_i2s_data_interface/new_frame. Optimization improves timing on the net.
INFO: [Physopt 32-619] Estimated Timing Summary | WNS=-1.496 | TNS=-91.789 |
INFO: [Physopt 32-702] Processed net adau1761_codec/i2c_interface/Inst_i2s_data_interface/sr_out[55]. Optimizations did not improve timing on the net.
INFO: [Physopt 32-702] Processed net U2/inst/clk_out1_clk_wiz_0. Optimizations did not improve timing on the net.
INFO: [Physopt 32-702] Processed net adau1761_codec/i2c_interface/Inst_i2s_data_interface/sr_out[55]_i_1_n_0. Optimizations did not improve timing on the net.
INFO: [Physopt 32-662] Processed net music_player/codec_conditioner/new_frame_state/q_reg[0]_0.  Did not re-place instance music_player/codec_conditioner/new_frame_state/q_reg[0]
INFO: [Physopt 32-572] Net music_player/codec_conditioner/new_frame_state/q_reg[0]_0 was not replicated.
Resolution: phys_opt_design can be forced to replicate a net driver using the option -force_replication_on_nets <list of net objects>.
INFO: [Physopt 32-702] Processed net music_player/codec_conditioner/new_frame_state/q_reg[0]_0. Optimizations did not improve timing on the net.
INFO: [Physopt 32-662] Processed net music_player/note_player/sineread/get_addr/q_reg[6].  Did not re-place instance music_player/note_player/sineread/get_addr/q_reg[16]
INFO: [Physopt 32-702] Processed net music_player/note_player/sineread/get_addr/q_reg[6]. Optimizations did not improve timing on the net.
INFO: [Physopt 32-572] Net music_player/codec_conditioner/new_frame_state/sel[0] was not replicated.
Resolution: phys_opt_design can be forced to replicate a net driver using the option -force_replication_on_nets <list of net objects>.
INFO: [Physopt 32-662] Processed net music_player/codec_conditioner/new_frame_state/sel[0].  Did not re-place instance music_player/codec_conditioner/new_frame_state/q[0]_i_1__7
INFO: [Physopt 32-572] Net music_player/codec_conditioner/new_frame_state/sel[0] was not replicated.
Resolution: phys_opt_design can be forced to replicate a net driver using the option -force_replication_on_nets <list of net objects>.
INFO: [Physopt 32-702] Processed net music_player/codec_conditioner/new_frame_state/sel[0]. Optimizations did not improve timing on the net.
INFO: [Physopt 32-662] Processed net adau1761_codec/i2c_interface/Inst_i2s_data_interface/new_frame.  Did not re-place instance adau1761_codec/i2c_interface/Inst_i2s_data_interface/new_sample_reg
INFO: [Physopt 32-81] Processed net adau1761_codec/i2c_interface/Inst_i2s_data_interface/new_frame. Replicated 1 times.
INFO: [Physopt 32-735] Processed net adau1761_codec/i2c_interface/Inst_i2s_data_interface/new_frame. Optimization improves timing on the net.
INFO: [Physopt 32-619] Estimated Timing Summary | WNS=-1.496 | TNS=-90.425 |
INFO: [Physopt 32-662] Processed net adau1761_codec/i2c_interface/Inst_i2s_data_interface/new_frame_repN.  Did not re-place instance adau1761_codec/i2c_interface/Inst_i2s_data_interface/new_sample_reg_replica
INFO: [Physopt 32-572] Net adau1761_codec/i2c_interface/Inst_i2s_data_interface/new_frame_repN was not replicated.
Resolution: phys_opt_design can be forced to replicate a net driver using the option -force_replication_on_nets <list of net objects>.
INFO: [Physopt 32-702] Processed net adau1761_codec/i2c_interface/Inst_i2s_data_interface/new_frame_repN. Optimizations did not improve timing on the net.
INFO: [Physopt 32-702] Processed net adau1761_codec/i2c_interface/Inst_i2s_data_interface/sr_out[55]. Optimizations did not improve timing on the net.
INFO: [Physopt 32-702] Processed net U2/inst/clk_out1_clk_wiz_0. Optimizations did not improve timing on the net.
INFO: [Physopt 32-662] Processed net adau1761_codec/i2c_interface/Inst_i2s_data_interface/new_sample_reg_0.  Did not re-place instance adau1761_codec/i2c_interface/Inst_i2s_data_interface/q[15]_i_1
INFO: [Physopt 32-702] Processed net adau1761_codec/i2c_interface/Inst_i2s_data_interface/new_sample_reg_0. Optimizations did not improve timing on the net.
INFO: [Physopt 32-702] Processed net adau1761_codec/i2c_interface/Inst_i2s_data_interface/sr_out[55]_i_1_n_0. Optimizations did not improve timing on the net.
INFO: [Physopt 32-662] Processed net music_player/codec_conditioner/new_frame_state/q_reg[0]_0.  Did not re-place instance music_player/codec_conditioner/new_frame_state/q_reg[0]
INFO: [Physopt 32-702] Processed net music_player/codec_conditioner/new_frame_state/q_reg[0]_0. Optimizations did not improve timing on the net.
INFO: [Physopt 32-662] Processed net music_player/beat_generator/counter/q_reg[6].  Did not re-place instance music_player/beat_generator/counter/q_reg[6]
INFO: [Physopt 32-702] Processed net music_player/beat_generator/counter/q_reg[6]. Optimizations did not improve timing on the net.
INFO: [Physopt 32-702] Processed net adau1761_codec/codec_clock_gen/clkout0. Optimizations did not improve timing on the net.
INFO: [Physopt 32-662] Processed net adau1761_codec/i2c_interface/Inst_i2s_data_interface/new_frame_repN.  Did not re-place instance adau1761_codec/i2c_interface/Inst_i2s_data_interface/new_sample_reg_replica
INFO: [Physopt 32-702] Processed net adau1761_codec/i2c_interface/Inst_i2s_data_interface/new_frame_repN. Optimizations did not improve timing on the net.
INFO: [Physopt 32-619] Estimated Timing Summary | WNS=-1.496 | TNS=-90.425 |
Phase 3 Critical Path Optimization | Checksum: 221cd5afa

Time (s): cpu = 00:00:05 ; elapsed = 00:00:04 . Memory (MB): peak = 1603.422 ; gain = 0.000

Phase 4 Critical Path Optimization
INFO: [Physopt 32-619] Estimated Timing Summary | WNS=-1.496 | TNS=-90.425 |
INFO: [Physopt 32-702] Processed net adau1761_codec/i2c_interface/Inst_i2s_data_interface/sr_out[55]. Optimizations did not improve timing on the net.
INFO: [Physopt 32-702] Processed net U2/inst/clk_out1_clk_wiz_0. Optimizations did not improve timing on the net.
INFO: [Physopt 32-572] Net adau1761_codec/i2c_interface/Inst_i2s_data_interface/new_sample_reg_0 was not replicated.
Resolution: phys_opt_design can be forced to replicate a net driver using the option -force_replication_on_nets <list of net objects>.
INFO: [Physopt 32-662] Processed net adau1761_codec/i2c_interface/Inst_i2s_data_interface/new_sample_reg_0.  Did not re-place instance adau1761_codec/i2c_interface/Inst_i2s_data_interface/q[15]_i_1
INFO: [Physopt 32-710] Processed net adau1761_codec/i2c_interface/Inst_i2s_data_interface/sr_out[55]_i_1_n_0. Critical path length was reduced through logic transformation on cell adau1761_codec/i2c_interface/Inst_i2s_data_interface/sr_out[55]_i_1_comp.
INFO: [Physopt 32-735] Processed net adau1761_codec/i2c_interface/Inst_i2s_data_interface/new_sample_reg_0. Optimization improves timing on the net.
INFO: [Physopt 32-619] Estimated Timing Summary | WNS=-1.496 | TNS=-90.713 |
INFO: [Physopt 32-702] Processed net adau1761_codec/i2c_interface/Inst_i2s_data_interface/sr_out[51]. Optimizations did not improve timing on the net.
INFO: [Physopt 32-572] Net adau1761_codec/i2c_interface/Inst_i2s_data_interface/new_sample_reg_0 was not replicated.
Resolution: phys_opt_design can be forced to replicate a net driver using the option -force_replication_on_nets <list of net objects>.
INFO: [Physopt 32-662] Processed net adau1761_codec/i2c_interface/Inst_i2s_data_interface/new_sample_reg_0.  Did not re-place instance adau1761_codec/i2c_interface/Inst_i2s_data_interface/q[15]_i_1
INFO: [Physopt 32-710] Processed net adau1761_codec/i2c_interface/Inst_i2s_data_interface/sr_out[51]_i_1_n_0. Critical path length was reduced through logic transformation on cell adau1761_codec/i2c_interface/Inst_i2s_data_interface/sr_out[51]_i_1_comp.
INFO: [Physopt 32-735] Processed net adau1761_codec/i2c_interface/Inst_i2s_data_interface/new_sample_reg_0. Optimization improves timing on the net.
INFO: [Physopt 32-619] Estimated Timing Summary | WNS=-1.494 | TNS=-90.855 |
INFO: [Physopt 32-702] Processed net adau1761_codec/i2c_interface/Inst_i2s_data_interface/sr_out[60]. Optimizations did not improve timing on the net.
INFO: [Physopt 32-572] Net adau1761_codec/i2c_interface/Inst_i2s_data_interface/new_sample_reg_0 was not replicated.
Resolution: phys_opt_design can be forced to replicate a net driver using the option -force_replication_on_nets <list of net objects>.
INFO: [Physopt 32-662] Processed net adau1761_codec/i2c_interface/Inst_i2s_data_interface/new_sample_reg_0.  Did not re-place instance adau1761_codec/i2c_interface/Inst_i2s_data_interface/q[15]_i_1
INFO: [Physopt 32-710] Processed net adau1761_codec/i2c_interface/Inst_i2s_data_interface/sr_out[60]_i_1_n_0. Critical path length was reduced through logic transformation on cell adau1761_codec/i2c_interface/Inst_i2s_data_interface/sr_out[60]_i_1_comp.
INFO: [Physopt 32-735] Processed net adau1761_codec/i2c_interface/Inst_i2s_data_interface/new_sample_reg_0. Optimization improves timing on the net.
INFO: [Physopt 32-619] Estimated Timing Summary | WNS=-1.474 | TNS=-91.018 |
INFO: [Physopt 32-702] Processed net adau1761_codec/i2c_interface/Inst_i2s_data_interface/sr_out[60]_i_1_n_0. Optimizations did not improve timing on the net.
INFO: [Physopt 32-662] Processed net music_player/codec_conditioner/current_sample_latch/q_reg[15]_0[11].  Did not re-place instance music_player/codec_conditioner/current_sample_latch/q_reg[12]
INFO: [Physopt 32-572] Net music_player/codec_conditioner/current_sample_latch/q_reg[15]_0[11] was not replicated.
Resolution: phys_opt_design can be forced to replicate a net driver using the option -force_replication_on_nets <list of net objects>.
INFO: [Physopt 32-702] Processed net music_player/codec_conditioner/current_sample_latch/q_reg[15]_0[11]. Optimizations did not improve timing on the net.
INFO: [Physopt 32-662] Processed net music_player/beat_generator/counter/q_reg[6].  Did not re-place instance music_player/beat_generator/counter/q_reg[6]
INFO: [Physopt 32-702] Processed net music_player/beat_generator/counter/q_reg[6]. Optimizations did not improve timing on the net.
INFO: [Physopt 32-702] Processed net adau1761_codec/codec_clock_gen/clkout0. Optimizations did not improve timing on the net.
INFO: [Physopt 32-81] Processed net adau1761_codec/i2c_interface/Inst_i2s_data_interface/new_sample_reg_0. Replicated 1 times.
INFO: [Physopt 32-735] Processed net adau1761_codec/i2c_interface/Inst_i2s_data_interface/new_sample_reg_0. Optimization improves timing on the net.
INFO: [Physopt 32-619] Estimated Timing Summary | WNS=-1.474 | TNS=-91.089 |
INFO: [Physopt 32-572] Net adau1761_codec/i2c_interface/Inst_i2s_data_interface/new_sample_reg_0 was not replicated.
Resolution: phys_opt_design can be forced to replicate a net driver using the option -force_replication_on_nets <list of net objects>.
INFO: [Physopt 32-662] Processed net adau1761_codec/i2c_interface/Inst_i2s_data_interface/new_sample_reg_0.  Did not re-place instance adau1761_codec/i2c_interface/Inst_i2s_data_interface/q[15]_i_1
INFO: [Physopt 32-702] Processed net adau1761_codec/i2c_interface/Inst_i2s_data_interface/new_sample_reg_0. Optimizations did not improve timing on the net.
INFO: [Physopt 32-662] Processed net adau1761_codec/i2c_interface/Inst_i2s_data_interface/new_frame_repN.  Did not re-place instance adau1761_codec/i2c_interface/Inst_i2s_data_interface/new_sample_reg_replica
INFO: [Physopt 32-572] Net adau1761_codec/i2c_interface/Inst_i2s_data_interface/new_frame_repN was not replicated.
Resolution: phys_opt_design can be forced to replicate a net driver using the option -force_replication_on_nets <list of net objects>.
INFO: [Physopt 32-702] Processed net adau1761_codec/i2c_interface/Inst_i2s_data_interface/new_frame_repN. Optimizations did not improve timing on the net.
INFO: [Physopt 32-702] Processed net adau1761_codec/i2c_interface/Inst_i2s_data_interface/sr_out[60]. Optimizations did not improve timing on the net.
INFO: [Physopt 32-702] Processed net U2/inst/clk_out1_clk_wiz_0. Optimizations did not improve timing on the net.
INFO: [Physopt 32-702] Processed net adau1761_codec/i2c_interface/Inst_i2s_data_interface/sr_out[60]_i_1_n_0. Optimizations did not improve timing on the net.
INFO: [Physopt 32-662] Processed net music_player/codec_conditioner/current_sample_latch/q_reg[15]_0[11].  Did not re-place instance music_player/codec_conditioner/current_sample_latch/q_reg[12]
INFO: [Physopt 32-702] Processed net music_player/codec_conditioner/current_sample_latch/q_reg[15]_0[11]. Optimizations did not improve timing on the net.
INFO: [Physopt 32-662] Processed net music_player/beat_generator/counter/q_reg[6].  Did not re-place instance music_player/beat_generator/counter/q_reg[6]
INFO: [Physopt 32-702] Processed net music_player/beat_generator/counter/q_reg[6]. Optimizations did not improve timing on the net.
INFO: [Physopt 32-702] Processed net adau1761_codec/codec_clock_gen/clkout0. Optimizations did not improve timing on the net.
INFO: [Physopt 32-662] Processed net adau1761_codec/i2c_interface/Inst_i2s_data_interface/new_sample_reg_0.  Did not re-place instance adau1761_codec/i2c_interface/Inst_i2s_data_interface/q[15]_i_1
INFO: [Physopt 32-702] Processed net adau1761_codec/i2c_interface/Inst_i2s_data_interface/new_sample_reg_0. Optimizations did not improve timing on the net.
INFO: [Physopt 32-662] Processed net adau1761_codec/i2c_interface/Inst_i2s_data_interface/new_frame_repN.  Did not re-place instance adau1761_codec/i2c_interface/Inst_i2s_data_interface/new_sample_reg_replica
INFO: [Physopt 32-702] Processed net adau1761_codec/i2c_interface/Inst_i2s_data_interface/new_frame_repN. Optimizations did not improve timing on the net.
INFO: [Physopt 32-619] Estimated Timing Summary | WNS=-1.474 | TNS=-91.089 |
Phase 4 Critical Path Optimization | Checksum: 221cd5afa

Time (s): cpu = 00:00:07 ; elapsed = 00:00:05 . Memory (MB): peak = 1603.422 ; gain = 0.000
Netlist sorting complete. Time (s): cpu = 00:00:00 ; elapsed = 00:00:00.002 . Memory (MB): peak = 1603.422 ; gain = 0.000
INFO: [Physopt 32-603] Post Physical Optimization Timing Summary | WNS=-1.474 | TNS=-91.089 |

Summary of Physical Synthesis Optimizations
============================================


-------------------------------------------------------------------------------------------------------------------------------------------------------------
|  Optimization   |  WNS Gain (ns)  |  TNS Gain (ns)  |  Added Cells  |  Removed Cells  |  Optimized Cells/Nets  |  Dont Touch  |  Iterations  |  Elapsed   |
-------------------------------------------------------------------------------------------------------------------------------------------------------------
|  DSP Register   |          0.000  |          0.000  |            0  |              0  |                     0  |           0  |           1  |  00:00:00  |
|  Critical Path  |          0.183  |          9.354  |            2  |              0  |                    30  |           0  |           2  |  00:00:04  |
|  Total          |          0.183  |          9.354  |            2  |              0  |                    30  |           0  |           3  |  00:00:04  |
-------------------------------------------------------------------------------------------------------------------------------------------------------------


Netlist sorting complete. Time (s): cpu = 00:00:00 ; elapsed = 00:00:00.001 . Memory (MB): peak = 1603.422 ; gain = 0.000
Ending Physical Synthesis Task | Checksum: 10b0b6143

Time (s): cpu = 00:00:07 ; elapsed = 00:00:05 . Memory (MB): peak = 1603.422 ; gain = 0.000
INFO: [Common 17-83] Releasing license: Implementation
253 Infos, 1 Warnings, 0 Critical Warnings and 0 Errors encountered.
phys_opt_design completed successfully
phys_opt_design: Time (s): cpu = 00:00:08 ; elapsed = 00:00:05 . Memory (MB): peak = 1603.422 ; gain = 0.000
INFO: [Timing 38-480] Writing timing data to binary archive.
Writing placer database...
Writing XDEF routing.
Writing XDEF routing logical nets.
Writing XDEF routing special nets.
Write XDEF Complete: Time (s): cpu = 00:00:01 ; elapsed = 00:00:00.117 . Memory (MB): peak = 1603.422 ; gain = 0.000
INFO: [Common 17-1381] The checkpoint 'C:/Users/nfaki/Desktop/ee 108/Lab 4/lab4/lab4.runs/impl_1/lab4_top_physopt.dcp' has been generated.
Command: route_design
Attempting to get a license for feature 'Implementation' and/or device 'xc7z020'
INFO: [Common 17-349] Got license for feature 'Implementation' and/or device 'xc7z020'
INFO: [DRC 23-27] Running DRC with 2 threads
INFO: [Vivado_Tcl 4-198] DRC finished with 0 Errors
INFO: [Vivado_Tcl 4-199] Please refer to the DRC report (report_drc) for more information.
Running DRC as a precondition to command route_design
INFO: [DRC 23-27] Running DRC with 2 threads
INFO: [Vivado_Tcl 4-198] DRC finished with 0 Errors
INFO: [Vivado_Tcl 4-199] Please refer to the DRC report (report_drc) for more information.


Starting Routing Task
INFO: [Route 35-254] Multithreading enabled for route_design using a maximum of 2 CPUs
Checksum: PlaceDB: 12a7f659 ConstDB: 0 ShapeSum: 3b6a642d RouteDB: 0

Phase 1 Build RT Design
Phase 1 Build RT Design | Checksum: 67d4e8be

Time (s): cpu = 00:00:25 ; elapsed = 00:00:21 . Memory (MB): peak = 1653.711 ; gain = 50.289
Post Restoration Checksum: NetGraph: 234e1dc9 NumContArr: 4486caf5 Constraints: 0 Timing: 0

Phase 2 Router Initialization

Phase 2.1 Create Timer
Phase 2.1 Create Timer | Checksum: 67d4e8be

Time (s): cpu = 00:00:25 ; elapsed = 00:00:21 . Memory (MB): peak = 1653.711 ; gain = 50.289

Phase 2.2 Fix Topology Constraints
Phase 2.2 Fix Topology Constraints | Checksum: 67d4e8be

Time (s): cpu = 00:00:25 ; elapsed = 00:00:21 . Memory (MB): peak = 1658.434 ; gain = 55.012

Phase 2.3 Pre Route Cleanup
Phase 2.3 Pre Route Cleanup | Checksum: 67d4e8be

Time (s): cpu = 00:00:25 ; elapsed = 00:00:21 . Memory (MB): peak = 1658.434 ; gain = 55.012
 Number of Nodes with overlaps = 0

Phase 2.4 Update Timing
Phase 2.4 Update Timing | Checksum: 93fa1111

Time (s): cpu = 00:00:26 ; elapsed = 00:00:22 . Memory (MB): peak = 1672.934 ; gain = 69.512
INFO: [Route 35-416] Intermediate Timing Summary | WNS=-1.456 | TNS=-85.862| WHS=-0.554 | THS=-38.767|

Phase 2 Router Initialization | Checksum: e64a9603

Time (s): cpu = 00:00:26 ; elapsed = 00:00:22 . Memory (MB): peak = 1672.934 ; gain = 69.512

Router Utilization Summary
  Global Vertical Routing Utilization    = 0 %
  Global Horizontal Routing Utilization  = 0 %
  Routable Net Status*
  *Does not include unroutable nets such as driverless and loadless.
  Run report_route_status for detailed report.
  Number of Failed Nets               = 540
    (Failed Nets is the sum of unrouted and partially routed nets)
  Number of Unrouted Nets             = 540
  Number of Partially Routed Nets     = 0
  Number of Node Overlaps             = 0


Phase 3 Initial Routing
Phase 3 Initial Routing | Checksum: 11fc520d2

Time (s): cpu = 00:00:46 ; elapsed = 00:00:32 . Memory (MB): peak = 1711.320 ; gain = 107.898
INFO: [Route 35-580] Design has 67 pins with tight setup and hold constraints.

The top 5 pins with tight setup and hold constraints:

+--------------------------+--------------------------+----------------------------------------------------------------------------------------------------------+
|       Launch Clock       |      Capture Clock       |                                                 Pin                                                      |
+--------------------------+--------------------------+----------------------------------------------------------------------------------------------------------+
|       clk_out1_clk_wiz_0 |                  clkout0 |                                     adau1761_codec/i2c_interface/Inst_i2s_data_interface/sr_out_reg[61]/D|
|       clk_out1_clk_wiz_0 |                  clkout0 |                                     adau1761_codec/i2c_interface/Inst_i2s_data_interface/sr_out_reg[58]/D|
|       clk_out1_clk_wiz_0 |                  clkout0 |                                     adau1761_codec/i2c_interface/Inst_i2s_data_interface/sr_out_reg[60]/D|
|       clk_out1_clk_wiz_0 |                  clkout0 |                                     adau1761_codec/i2c_interface/Inst_i2s_data_interface/sr_out_reg[55]/D|
|       clk_out1_clk_wiz_0 |                  clkout0 |                                     adau1761_codec/i2c_interface/Inst_i2s_data_interface/sr_out_reg[50]/D|
+--------------------------+--------------------------+----------------------------------------------------------------------------------------------------------+

File with complete list of pins: tight_setup_hold_pins.txt


Phase 4 Rip-up And Reroute

Phase 4.1 Global Iteration 0
 Number of Nodes with overlaps = 46
 Number of Nodes with overlaps = 4
 Number of Nodes with overlaps = 4
 Number of Nodes with overlaps = 2
 Number of Nodes with overlaps = 3
 Number of Nodes with overlaps = 3
 Number of Nodes with overlaps = 3
 Number of Nodes with overlaps = 0
INFO: [Route 35-416] Intermediate Timing Summary | WNS=-2.346 | TNS=-146.240| WHS=N/A    | THS=N/A    |

Phase 4.1 Global Iteration 0 | Checksum: 17b969347

Time (s): cpu = 00:06:35 ; elapsed = 00:03:47 . Memory (MB): peak = 1725.922 ; gain = 122.500

Phase 4.2 Global Iteration 1
 Number of Nodes with overlaps = 14
 Number of Nodes with overlaps = 8
 Number of Nodes with overlaps = 3
 Number of Nodes with overlaps = 2
 Number of Nodes with overlaps = 2
 Number of Nodes with overlaps = 1
 Number of Nodes with overlaps = 1
 Number of Nodes with overlaps = 1
 Number of Nodes with overlaps = 1
 Number of Nodes with overlaps = 0
INFO: [Route 35-416] Intermediate Timing Summary | WNS=-2.389 | TNS=-151.410| WHS=N/A    | THS=N/A    |

Phase 4.2 Global Iteration 1 | Checksum: 1e465bec6

Time (s): cpu = 00:09:01 ; elapsed = 00:05:09 . Memory (MB): peak = 1726.199 ; gain = 122.777
Phase 4 Rip-up And Reroute | Checksum: 1e465bec6

Time (s): cpu = 00:09:01 ; elapsed = 00:05:09 . Memory (MB): peak = 1726.199 ; gain = 122.777

Phase 5 Delay and Skew Optimization

Phase 5.1 Delay CleanUp

Phase 5.1.1 Update Timing
Phase 5.1.1 Update Timing | Checksum: 13b1ae682

Time (s): cpu = 00:09:01 ; elapsed = 00:05:10 . Memory (MB): peak = 1726.199 ; gain = 122.777
INFO: [Route 35-416] Intermediate Timing Summary | WNS=-2.346 | TNS=-146.240| WHS=N/A    | THS=N/A    |

Phase 5.1 Delay CleanUp | Checksum: 13b1ae682

Time (s): cpu = 00:09:01 ; elapsed = 00:05:10 . Memory (MB): peak = 1726.199 ; gain = 122.777

Phase 5.2 Clock Skew Optimization
Phase 5.2 Clock Skew Optimization | Checksum: 13b1ae682

Time (s): cpu = 00:09:01 ; elapsed = 00:05:10 . Memory (MB): peak = 1726.199 ; gain = 122.777
Phase 5 Delay and Skew Optimization | Checksum: 13b1ae682

Time (s): cpu = 00:09:01 ; elapsed = 00:05:10 . Memory (MB): peak = 1726.199 ; gain = 122.777

Phase 6 Post Hold Fix

Phase 6.1 Hold Fix Iter

Phase 6.1.1 Update Timing
Phase 6.1.1 Update Timing | Checksum: 1af02d529

Time (s): cpu = 00:09:01 ; elapsed = 00:05:10 . Memory (MB): peak = 1726.199 ; gain = 122.777
INFO: [Route 35-416] Intermediate Timing Summary | WNS=-2.346 | TNS=-146.240| WHS=-0.083 | THS=-0.106 |


Phase 6.1.2 Lut RouteThru Assignment for hold
Phase 6.1.2 Lut RouteThru Assignment for hold | Checksum: 12dc0a683

Time (s): cpu = 00:09:02 ; elapsed = 00:05:10 . Memory (MB): peak = 1726.199 ; gain = 122.777
Phase 6.1 Hold Fix Iter | Checksum: 12dc0a683

Time (s): cpu = 00:09:02 ; elapsed = 00:05:10 . Memory (MB): peak = 1726.199 ; gain = 122.777
WARNING: [Route 35-468] The router encountered 13 pins that are both setup-critical and hold-critical and tried to fix hold violations at the expense of setup slack. Such pins are:
	music_player/codec_conditioner/new_frame_state/q_reg[0]/D
	music_player/codec_conditioner/current_sample_latch/q_reg[0]/CE
	music_player/codec_conditioner/current_sample_latch/q_reg[10]/CE
	music_player/codec_conditioner/current_sample_latch/q_reg[12]/CE
	music_player/beat_generator/counter/q_reg[0]/CE
	music_player/beat_generator/counter/q_reg[6]/CE
	music_player/note_player/sineread/sinerom/music_player/note_player/sineread/sinerom/dout_reg_cooolgate_en_gate_4_cooolDelFlop/D
	music_player/note_player/sineread/get_addr/q_reg[0]/CE
	music_player/note_player/sineread/get_addr/q_reg[10]/CE
	music_player/note_player/sineread/get_addr/q_reg[11]/CE
	.. and 3 more pins.

Phase 6 Post Hold Fix | Checksum: 16f8b3737

Time (s): cpu = 00:09:02 ; elapsed = 00:05:10 . Memory (MB): peak = 1726.199 ; gain = 122.777

Phase 7 Route finalize

Router Utilization Summary
  Global Vertical Routing Utilization    = 0.111266 %
  Global Horizontal Routing Utilization  = 0.108604 %
  Routable Net Status*
  *Does not include unroutable nets such as driverless and loadless.
  Run report_route_status for detailed report.
  Number of Failed Nets               = 0
    (Failed Nets is the sum of unrouted and partially routed nets)
  Number of Unrouted Nets             = 0
  Number of Partially Routed Nets     = 0
  Number of Node Overlaps             = 0

Congestion Report
North Dir 1x1 Area, Max Cong = 21.6216%, No Congested Regions.
South Dir 1x1 Area, Max Cong = 23.4234%, No Congested Regions.
East Dir 1x1 Area, Max Cong = 27.9412%, No Congested Regions.
West Dir 1x1 Area, Max Cong = 44.1176%, No Congested Regions.

------------------------------
Reporting congestion hotspots
------------------------------
Direction: North
----------------
Congested clusters found at Level 0
Effective congestion level: 0 Aspect Ratio: 1 Sparse Ratio: 0
Direction: South
----------------
Congested clusters found at Level 0
Effective congestion level: 0 Aspect Ratio: 1 Sparse Ratio: 0
Direction: East
----------------
Congested clusters found at Level 0
Effective congestion level: 0 Aspect Ratio: 1 Sparse Ratio: 0
Direction: West
----------------
Congested clusters found at Level 0
Effective congestion level: 0 Aspect Ratio: 1 Sparse Ratio: 0

Phase 7 Route finalize | Checksum: 11fef2c2d

Time (s): cpu = 00:09:02 ; elapsed = 00:05:10 . Memory (MB): peak = 1726.199 ; gain = 122.777

Phase 8 Verifying routed nets

 Verification completed successfully
Phase 8 Verifying routed nets | Checksum: 11fef2c2d

Time (s): cpu = 00:09:02 ; elapsed = 00:05:10 . Memory (MB): peak = 1726.199 ; gain = 122.777

Phase 9 Depositing Routes
Phase 9 Depositing Routes | Checksum: 14d26d192

Time (s): cpu = 00:09:02 ; elapsed = 00:05:10 . Memory (MB): peak = 1726.199 ; gain = 122.777

Phase 10 Post Router Timing

Phase 10.1 Update Timing
Phase 10.1 Update Timing | Checksum: 1bd90b5db

Time (s): cpu = 00:09:02 ; elapsed = 00:05:10 . Memory (MB): peak = 1726.199 ; gain = 122.777
INFO: [Route 35-57] Estimated Timing Summary | WNS=-2.391 | TNS=-146.360| WHS=0.052  | THS=0.000  |

WARNING: [Route 35-328] Router estimated timing not met.
Resolution: For a complete and accurate timing signoff, report_timing_summary must be run after route_design. Alternatively, route_design can be run with the -timing_summary option to enable a complete timing signoff at the end of route_design.
Phase 10 Post Router Timing | Checksum: 1bd90b5db

Time (s): cpu = 00:09:02 ; elapsed = 00:05:10 . Memory (MB): peak = 1726.199 ; gain = 122.777
INFO: [Route 35-16] Router Completed Successfully

Time (s): cpu = 00:09:02 ; elapsed = 00:05:10 . Memory (MB): peak = 1726.199 ; gain = 122.777

Routing Is Done.
INFO: [Common 17-83] Releasing license: Implementation
272 Infos, 3 Warnings, 0 Critical Warnings and 0 Errors encountered.
route_design completed successfully
route_design: Time (s): cpu = 00:09:04 ; elapsed = 00:05:11 . Memory (MB): peak = 1726.199 ; gain = 122.777
INFO: [Timing 38-480] Writing timing data to binary archive.
Writing placer database...
Writing XDEF routing.
Writing XDEF routing logical nets.
Writing XDEF routing special nets.
Write XDEF Complete: Time (s): cpu = 00:00:00 ; elapsed = 00:00:00.161 . Memory (MB): peak = 1726.199 ; gain = 0.000
INFO: [Common 17-1381] The checkpoint 'C:/Users/nfaki/Desktop/ee 108/Lab 4/lab4/lab4.runs/impl_1/lab4_top_routed.dcp' has been generated.
INFO: [runtcl-4] Executing : report_drc -file lab4_top_drc_routed.rpt -pb lab4_top_drc_routed.pb -rpx lab4_top_drc_routed.rpx
Command: report_drc -file lab4_top_drc_routed.rpt -pb lab4_top_drc_routed.pb -rpx lab4_top_drc_routed.rpx
INFO: [IP_Flow 19-1839] IP Catalog is up to date.
INFO: [DRC 23-27] Running DRC with 2 threads
INFO: [Coretcl 2-168] The results of DRC are in file C:/Users/nfaki/Desktop/ee 108/Lab 4/lab4/lab4.runs/impl_1/lab4_top_drc_routed.rpt.
report_drc completed successfully
INFO: [runtcl-4] Executing : report_methodology -file lab4_top_methodology_drc_routed.rpt -pb lab4_top_methodology_drc_routed.pb -rpx lab4_top_methodology_drc_routed.rpx
Command: report_methodology -file lab4_top_methodology_drc_routed.rpt -pb lab4_top_methodology_drc_routed.pb -rpx lab4_top_methodology_drc_routed.rpx
INFO: [Timing 38-35] Done setting XDC timing constraints.
INFO: [DRC 23-133] Running Methodology with 2 threads
INFO: [Coretcl 2-1520] The results of Report Methodology are in file C:/Users/nfaki/Desktop/ee 108/Lab 4/lab4/lab4.runs/impl_1/lab4_top_methodology_drc_routed.rpt.
report_methodology completed successfully
INFO: [runtcl-4] Executing : report_power -file lab4_top_power_routed.rpt -pb lab4_top_power_summary_routed.pb -rpx lab4_top_power_routed.rpx
Command: report_power -file lab4_top_power_routed.rpt -pb lab4_top_power_summary_routed.pb -rpx lab4_top_power_routed.rpx
INFO: [Timing 38-35] Done setting XDC timing constraints.
Running Vector-less Activity Propagation...

Finished Running Vector-less Activity Propagation
284 Infos, 3 Warnings, 0 Critical Warnings and 0 Errors encountered.
report_power completed successfully
INFO: [runtcl-4] Executing : report_route_status -file lab4_top_route_status.rpt -pb lab4_top_route_status.pb
INFO: [runtcl-4] Executing : report_timing_summary -max_paths 10 -file lab4_top_timing_summary_routed.rpt -pb lab4_top_timing_summary_routed.pb -rpx lab4_top_timing_summary_routed.rpx -warn_on_violation 
INFO: [Timing 38-91] UpdateTimingParams: Speed grade: -1, Delay Type: min_max.
INFO: [Timing 38-191] Multithreading enabled for timing update using a maximum of 2 CPUs
CRITICAL WARNING: [Timing 38-282] The design failed to meet the timing requirements. Please see the timing summary report for details on the timing violations.
INFO: [runtcl-4] Executing : report_incremental_reuse -file lab4_top_incremental_reuse_routed.rpt
INFO: [Vivado_Tcl 4-1062] Incremental flow is disabled. No incremental reuse Info to report.
INFO: [runtcl-4] Executing : report_clock_utilization -file lab4_top_clock_utilization_routed.rpt
INFO: [runtcl-4] Executing : report_bus_skew -warn_on_violation -file lab4_top_bus_skew_routed.rpt -pb lab4_top_bus_skew_routed.pb -rpx lab4_top_bus_skew_routed.rpx
INFO: [Timing 38-91] UpdateTimingParams: Speed grade: -1, Delay Type: min_max.
INFO: [Timing 38-191] Multithreading enabled for timing update using a maximum of 2 CPUs
Command: write_bitstream -force lab4_top.bit
Attempting to get a license for feature 'Implementation' and/or device 'xc7z020'
INFO: [Common 17-349] Got license for feature 'Implementation' and/or device 'xc7z020'
Running DRC as a precondition to command write_bitstream
INFO: [IP_Flow 19-1839] IP Catalog is up to date.
INFO: [DRC 23-27] Running DRC with 2 threads
WARNING: [DRC ZPS7-1] PS7 block required: The PS7 cell must be used in this Zynq design in order to enable correct default configuration.
INFO: [Vivado 12-3199] DRC finished with 0 Errors, 1 Warnings
INFO: [Vivado 12-3200] Please refer to the DRC report (report_drc) for more information.
INFO: [Designutils 20-2272] Running write_bitstream with 2 threads.
Loading data files...
Loading site data...
Loading route data...
Processing options...
Creating bitmap...
Creating bitstream...
Writing bitstream ./lab4_top.bit...
INFO: [Vivado 12-1842] Bitgen Completed Successfully.
INFO: [Project 1-120] WebTalk data collection is mandatory when using a WebPACK part without a full Vivado license. To see the specific WebTalk data collected for your design, open the usage_statistics_webtalk.html or usage_statistics_webtalk.xml file in the implementation directory.
INFO: [Common 17-83] Releasing license: Implementation
303 Infos, 4 Warnings, 1 Critical Warnings and 0 Errors encountered.
write_bitstream completed successfully
write_bitstream: Time (s): cpu = 00:00:16 ; elapsed = 00:00:20 . Memory (MB): peak = 2129.469 ; gain = 403.270
INFO: [Common 17-206] Exiting Vivado at Wed Oct 21 18:19:11 2020...
