
*** Running vivado
    with args -log hdmi_tx_0.vds -m64 -product Vivado -mode batch -messageDb vivado.pb -notrace -source hdmi_tx_0.tcl



****** Vivado v2020.1 (64-bit)
  **** SW Build 2902540 on Wed May 27 19:54:49 MDT 2020
  **** IP Build 2902112 on Wed May 27 22:43:36 MDT 2020
    ** Copyright 1986-2020 Xilinx, Inc. All Rights Reserved.

source hdmi_tx_0.tcl -notrace
INFO: [IP_Flow 19-234] Refreshing IP repositories
INFO: [IP_Flow 19-1700] Loaded user IP repository 'c:/Users/nfaki/EE108_labs/hdmi_tx_ip'.
INFO: [IP_Flow 19-2313] Loaded Vivado IP repository 'C:/Xilinx/Vivado/2020.1/data/ip'.
Command: synth_design -top hdmi_tx_0 -part xc7z020clg400-1 -mode out_of_context
Starting synth_design
Attempting to get a license for feature 'Synthesis' and/or device 'xc7z020'
INFO: [Common 17-349] Got license for feature 'Synthesis' and/or device 'xc7z020'
INFO: [Synth 8-7079] Multithreading enabled for synth_design using a maximum of 2 processes.
INFO: [Synth 8-7078] Launching helper process for spawning children vivado processes
INFO: [Synth 8-7075] Helper process launched with PID 12524
WARNING: [Synth 8-2507] parameter declaration becomes local in encode with formal parameter declaration list [c:/Users/nfaki/Desktop/ee 108/Lab 2/lab2/lab2.srcs/sources_1/ip/hdmi_tx_0/hdl/encode.v:146]
WARNING: [Synth 8-2507] parameter declaration becomes local in encode with formal parameter declaration list [c:/Users/nfaki/Desktop/ee 108/Lab 2/lab2/lab2.srcs/sources_1/ip/hdmi_tx_0/hdl/encode.v:147]
WARNING: [Synth 8-2507] parameter declaration becomes local in encode with formal parameter declaration list [c:/Users/nfaki/Desktop/ee 108/Lab 2/lab2/lab2.srcs/sources_1/ip/hdmi_tx_0/hdl/encode.v:148]
WARNING: [Synth 8-2507] parameter declaration becomes local in encode with formal parameter declaration list [c:/Users/nfaki/Desktop/ee 108/Lab 2/lab2/lab2.srcs/sources_1/ip/hdmi_tx_0/hdl/encode.v:149]
---------------------------------------------------------------------------------
Starting Synthesize : Time (s): cpu = 00:00:07 ; elapsed = 00:00:08 . Memory (MB): peak = 1012.289 ; gain = 0.000
---------------------------------------------------------------------------------
INFO: [Synth 8-6157] synthesizing module 'hdmi_tx_0' [c:/Users/nfaki/Desktop/ee 108/Lab 2/lab2/lab2.srcs/sources_1/ip/hdmi_tx_0/synth/hdmi_tx_0.v:57]
INFO: [Synth 8-6157] synthesizing module 'hdmi_tx_v1_0' [c:/Users/nfaki/Desktop/ee 108/Lab 2/lab2/lab2.srcs/sources_1/ip/hdmi_tx_0/hdl/hdmi_tx_v1_0.v:73]
	Parameter MODE bound to: DVI - type: string 
	Parameter C_DATA_WIDTH bound to: 32 - type: integer 
	Parameter C_RED_WIDTH bound to: 8 - type: integer 
	Parameter C_GREEN_WIDTH bound to: 8 - type: integer 
	Parameter C_BLUE_WIDTH bound to: 8 - type: integer 
	Parameter DILNDPREAM bound to: 4'b1010 
	Parameter VIDEOPREAM bound to: 4'b1000 
	Parameter NULLCONTRL bound to: 4'b0000 
	Parameter SRL_DELAY bound to: 4'b0001 
INFO: [Synth 8-6157] synthesizing module 'srldelay' [c:/Users/nfaki/Desktop/ee 108/Lab 2/lab2/lab2.srcs/sources_1/ip/hdmi_tx_0/hdl/srldelay.v:70]
	Parameter WIDTH bound to: 40 - type: integer 
	Parameter TAPS bound to: 4'b0001 
INFO: [Synth 8-6157] synthesizing module 'SRL16E' [C:/Xilinx/Vivado/2020.1/scripts/rt/data/unisim_comp.v:78059]
	Parameter INIT bound to: 16'b0000000000000000 
	Parameter IS_CLK_INVERTED bound to: 1'b0 
INFO: [Synth 8-6155] done synthesizing module 'SRL16E' (1#1) [C:/Xilinx/Vivado/2020.1/scripts/rt/data/unisim_comp.v:78059]
INFO: [Synth 8-6155] done synthesizing module 'srldelay' (2#1) [c:/Users/nfaki/Desktop/ee 108/Lab 2/lab2/lab2.srcs/sources_1/ip/hdmi_tx_0/hdl/srldelay.v:70]
INFO: [Synth 8-6157] synthesizing module 'encode' [c:/Users/nfaki/Desktop/ee 108/Lab 2/lab2/lab2.srcs/sources_1/ip/hdmi_tx_0/hdl/encode.v:80]
	Parameter CHANNEL bound to: BLUE - type: string 
	Parameter MODE bound to: DVI - type: string 
	Parameter VIDEOGBND bound to: 10'b1011001100 
	Parameter DILNDGBND bound to: 10'bxxxxxxxxxx 
	Parameter CTRLTOKEN0 bound to: 10'b1101010100 
	Parameter CTRLTOKEN1 bound to: 10'b0010101011 
	Parameter CTRLTOKEN2 bound to: 10'b0101010100 
	Parameter CTRLTOKEN3 bound to: 10'b1010101011 
INFO: [Synth 8-6155] done synthesizing module 'encode' (3#1) [c:/Users/nfaki/Desktop/ee 108/Lab 2/lab2/lab2.srcs/sources_1/ip/hdmi_tx_0/hdl/encode.v:80]
INFO: [Synth 8-6157] synthesizing module 'encode__parameterized0' [c:/Users/nfaki/Desktop/ee 108/Lab 2/lab2/lab2.srcs/sources_1/ip/hdmi_tx_0/hdl/encode.v:80]
	Parameter CHANNEL bound to: GREEN - type: string 
	Parameter MODE bound to: DVI - type: string 
	Parameter VIDEOGBND bound to: 10'b0100110011 
	Parameter DILNDGBND bound to: 10'b0100110011 
	Parameter CTRLTOKEN0 bound to: 10'b1101010100 
	Parameter CTRLTOKEN1 bound to: 10'b0010101011 
	Parameter CTRLTOKEN2 bound to: 10'b0101010100 
	Parameter CTRLTOKEN3 bound to: 10'b1010101011 
INFO: [Synth 8-6155] done synthesizing module 'encode__parameterized0' (3#1) [c:/Users/nfaki/Desktop/ee 108/Lab 2/lab2/lab2.srcs/sources_1/ip/hdmi_tx_0/hdl/encode.v:80]
INFO: [Synth 8-6157] synthesizing module 'encode__parameterized1' [c:/Users/nfaki/Desktop/ee 108/Lab 2/lab2/lab2.srcs/sources_1/ip/hdmi_tx_0/hdl/encode.v:80]
	Parameter CHANNEL bound to: RED - type: string 
	Parameter MODE bound to: DVI - type: string 
	Parameter VIDEOGBND bound to: 10'b1011001100 
	Parameter DILNDGBND bound to: 10'b0100110011 
	Parameter CTRLTOKEN0 bound to: 10'b1101010100 
	Parameter CTRLTOKEN1 bound to: 10'b0010101011 
	Parameter CTRLTOKEN2 bound to: 10'b0101010100 
	Parameter CTRLTOKEN3 bound to: 10'b1010101011 
INFO: [Synth 8-6155] done synthesizing module 'encode__parameterized1' (3#1) [c:/Users/nfaki/Desktop/ee 108/Lab 2/lab2/lab2.srcs/sources_1/ip/hdmi_tx_0/hdl/encode.v:80]
INFO: [Synth 8-6157] synthesizing module 'serdes_10_to_1' [c:/Users/nfaki/Desktop/ee 108/Lab 2/lab2/lab2.srcs/sources_1/ip/hdmi_tx_0/hdl/serdes_10_to_1.v:43]
INFO: [Synth 8-6157] synthesizing module 'OSERDESE2' [C:/Xilinx/Vivado/2020.1/scripts/rt/data/unisim_comp.v:50391]
	Parameter DATA_RATE_OQ bound to: DDR - type: string 
	Parameter DATA_RATE_TQ bound to: SDR - type: string 
	Parameter DATA_WIDTH bound to: 10 - type: integer 
	Parameter INIT_OQ bound to: 1'b0 
	Parameter INIT_TQ bound to: 1'b0 
	Parameter IS_CLKDIV_INVERTED bound to: 1'b0 
	Parameter IS_CLK_INVERTED bound to: 1'b0 
	Parameter IS_D1_INVERTED bound to: 1'b0 
	Parameter IS_D2_INVERTED bound to: 1'b0 
	Parameter IS_D3_INVERTED bound to: 1'b0 
	Parameter IS_D4_INVERTED bound to: 1'b0 
	Parameter IS_D5_INVERTED bound to: 1'b0 
	Parameter IS_D6_INVERTED bound to: 1'b0 
	Parameter IS_D7_INVERTED bound to: 1'b0 
	Parameter IS_D8_INVERTED bound to: 1'b0 
	Parameter IS_T1_INVERTED bound to: 1'b0 
	Parameter IS_T2_INVERTED bound to: 1'b0 
	Parameter IS_T3_INVERTED bound to: 1'b0 
	Parameter IS_T4_INVERTED bound to: 1'b0 
	Parameter SERDES_MODE bound to: MASTER - type: string 
	Parameter SRVAL_OQ bound to: 1'b0 
	Parameter SRVAL_TQ bound to: 1'b0 
	Parameter TBYTE_CTL bound to: FALSE - type: string 
	Parameter TBYTE_SRC bound to: FALSE - type: string 
	Parameter TRISTATE_WIDTH bound to: 1 - type: integer 
INFO: [Synth 8-6155] done synthesizing module 'OSERDESE2' (4#1) [C:/Xilinx/Vivado/2020.1/scripts/rt/data/unisim_comp.v:50391]
INFO: [Synth 8-6157] synthesizing module 'OSERDESE2__parameterized0' [C:/Xilinx/Vivado/2020.1/scripts/rt/data/unisim_comp.v:50391]
	Parameter DATA_RATE_OQ bound to: DDR - type: string 
	Parameter DATA_RATE_TQ bound to: SDR - type: string 
	Parameter DATA_WIDTH bound to: 10 - type: integer 
	Parameter INIT_OQ bound to: 1'b0 
	Parameter INIT_TQ bound to: 1'b0 
	Parameter IS_CLKDIV_INVERTED bound to: 1'b0 
	Parameter IS_CLK_INVERTED bound to: 1'b0 
	Parameter IS_D1_INVERTED bound to: 1'b0 
	Parameter IS_D2_INVERTED bound to: 1'b0 
	Parameter IS_D3_INVERTED bound to: 1'b0 
	Parameter IS_D4_INVERTED bound to: 1'b0 
	Parameter IS_D5_INVERTED bound to: 1'b0 
	Parameter IS_D6_INVERTED bound to: 1'b0 
	Parameter IS_D7_INVERTED bound to: 1'b0 
	Parameter IS_D8_INVERTED bound to: 1'b0 
	Parameter IS_T1_INVERTED bound to: 1'b0 
	Parameter IS_T2_INVERTED bound to: 1'b0 
	Parameter IS_T3_INVERTED bound to: 1'b0 
	Parameter IS_T4_INVERTED bound to: 1'b0 
	Parameter SERDES_MODE bound to: SLAVE - type: string 
	Parameter SRVAL_OQ bound to: 1'b0 
	Parameter SRVAL_TQ bound to: 1'b0 
	Parameter TBYTE_CTL bound to: FALSE - type: string 
	Parameter TBYTE_SRC bound to: FALSE - type: string 
	Parameter TRISTATE_WIDTH bound to: 1 - type: integer 
INFO: [Synth 8-6155] done synthesizing module 'OSERDESE2__parameterized0' (4#1) [C:/Xilinx/Vivado/2020.1/scripts/rt/data/unisim_comp.v:50391]
INFO: [Synth 8-6155] done synthesizing module 'serdes_10_to_1' (5#1) [c:/Users/nfaki/Desktop/ee 108/Lab 2/lab2/lab2.srcs/sources_1/ip/hdmi_tx_0/hdl/serdes_10_to_1.v:43]
INFO: [Synth 8-6157] synthesizing module 'OBUFDS' [C:/Xilinx/Vivado/2020.1/scripts/rt/data/unisim_comp.v:46328]
	Parameter CAPACITANCE bound to: DONT_CARE - type: string 
	Parameter IOSTANDARD bound to: TMDS_33 - type: string 
	Parameter SLEW bound to: SLOW - type: string 
INFO: [Synth 8-6155] done synthesizing module 'OBUFDS' (6#1) [C:/Xilinx/Vivado/2020.1/scripts/rt/data/unisim_comp.v:46328]
INFO: [Synth 8-6155] done synthesizing module 'hdmi_tx_v1_0' (7#1) [c:/Users/nfaki/Desktop/ee 108/Lab 2/lab2/lab2.srcs/sources_1/ip/hdmi_tx_0/hdl/hdmi_tx_v1_0.v:73]
INFO: [Synth 8-6155] done synthesizing module 'hdmi_tx_0' (8#1) [c:/Users/nfaki/Desktop/ee 108/Lab 2/lab2/lab2.srcs/sources_1/ip/hdmi_tx_0/synth/hdmi_tx_0.v:57]
---------------------------------------------------------------------------------
Finished Synthesize : Time (s): cpu = 00:00:09 ; elapsed = 00:00:10 . Memory (MB): peak = 1012.289 ; gain = 0.000
---------------------------------------------------------------------------------
---------------------------------------------------------------------------------
Finished Constraint Validation : Time (s): cpu = 00:00:10 ; elapsed = 00:00:11 . Memory (MB): peak = 1012.289 ; gain = 0.000
---------------------------------------------------------------------------------
---------------------------------------------------------------------------------
Start Loading Part and Timing Information
---------------------------------------------------------------------------------
Loading part: xc7z020clg400-1
---------------------------------------------------------------------------------
Finished Loading Part and Timing Information : Time (s): cpu = 00:00:10 ; elapsed = 00:00:11 . Memory (MB): peak = 1012.289 ; gain = 0.000
---------------------------------------------------------------------------------
INFO: [Device 21-403] Loading part xc7z020clg400-1
---------------------------------------------------------------------------------
Finished RTL Optimization Phase 2 : Time (s): cpu = 00:00:12 ; elapsed = 00:00:12 . Memory (MB): peak = 1012.289 ; gain = 0.000
---------------------------------------------------------------------------------
No constraint files found.
---------------------------------------------------------------------------------
Start RTL Component Statistics 
---------------------------------------------------------------------------------
Detailed RTL Component Info : 
+---Adders : 
	   5 Input    5 Bit       Adders := 6     
	   4 Input    5 Bit       Adders := 3     
	   8 Input    4 Bit       Adders := 6     
	   2 Input    4 Bit       Adders := 3     
+---XORs : 
	   2 Input      1 Bit         XORs := 42    
+---Registers : 
	               10 Bit    Registers := 3     
	                9 Bit    Registers := 3     
	                8 Bit    Registers := 3     
	                5 Bit    Registers := 3     
	                4 Bit    Registers := 9     
	                1 Bit    Registers := 20    
+---Muxes : 
	   5 Input   10 Bit        Muxes := 3     
	   2 Input   10 Bit        Muxes := 6     
	   2 Input    8 Bit        Muxes := 3     
	   2 Input    5 Bit        Muxes := 12    
	   2 Input    4 Bit        Muxes := 3     
	   2 Input    1 Bit        Muxes := 21    
---------------------------------------------------------------------------------
Finished RTL Component Statistics 
---------------------------------------------------------------------------------
---------------------------------------------------------------------------------
Start Part Resource Summary
---------------------------------------------------------------------------------
Part Resources:
DSPs: 220 (col length:60)
BRAMs: 280 (col length: RAMB18 60 RAMB36 30)
---------------------------------------------------------------------------------
Finished Part Resource Summary
---------------------------------------------------------------------------------
No constraint files found.
---------------------------------------------------------------------------------
Start Cross Boundary and Area Optimization
---------------------------------------------------------------------------------
---------------------------------------------------------------------------------
Finished Cross Boundary and Area Optimization : Time (s): cpu = 00:00:31 ; elapsed = 00:00:34 . Memory (MB): peak = 1012.289 ; gain = 0.000
---------------------------------------------------------------------------------
No constraint files found.
---------------------------------------------------------------------------------
Start Timing Optimization
---------------------------------------------------------------------------------
---------------------------------------------------------------------------------
Finished Timing Optimization : Time (s): cpu = 00:00:31 ; elapsed = 00:00:34 . Memory (MB): peak = 1012.289 ; gain = 0.000
---------------------------------------------------------------------------------
---------------------------------------------------------------------------------
Start Technology Mapping
---------------------------------------------------------------------------------
---------------------------------------------------------------------------------
Finished Technology Mapping : Time (s): cpu = 00:00:31 ; elapsed = 00:00:34 . Memory (MB): peak = 1012.289 ; gain = 0.000
---------------------------------------------------------------------------------
---------------------------------------------------------------------------------
Start IO Insertion
---------------------------------------------------------------------------------
---------------------------------------------------------------------------------
Start Flattening Before IO Insertion
---------------------------------------------------------------------------------
---------------------------------------------------------------------------------
Finished Flattening Before IO Insertion
---------------------------------------------------------------------------------
---------------------------------------------------------------------------------
Start Final Netlist Cleanup
---------------------------------------------------------------------------------
---------------------------------------------------------------------------------
Finished Final Netlist Cleanup
---------------------------------------------------------------------------------
---------------------------------------------------------------------------------
Finished IO Insertion : Time (s): cpu = 00:00:40 ; elapsed = 00:00:43 . Memory (MB): peak = 1012.289 ; gain = 0.000
---------------------------------------------------------------------------------
---------------------------------------------------------------------------------
Start Renaming Generated Instances
---------------------------------------------------------------------------------
---------------------------------------------------------------------------------
Finished Renaming Generated Instances : Time (s): cpu = 00:00:40 ; elapsed = 00:00:43 . Memory (MB): peak = 1012.289 ; gain = 0.000
---------------------------------------------------------------------------------
---------------------------------------------------------------------------------
Start Rebuilding User Hierarchy
---------------------------------------------------------------------------------
---------------------------------------------------------------------------------
Finished Rebuilding User Hierarchy : Time (s): cpu = 00:00:40 ; elapsed = 00:00:43 . Memory (MB): peak = 1012.289 ; gain = 0.000
---------------------------------------------------------------------------------
---------------------------------------------------------------------------------
Start Renaming Generated Ports
---------------------------------------------------------------------------------
---------------------------------------------------------------------------------
Finished Renaming Generated Ports : Time (s): cpu = 00:00:40 ; elapsed = 00:00:43 . Memory (MB): peak = 1012.289 ; gain = 0.000
---------------------------------------------------------------------------------
---------------------------------------------------------------------------------
Start Handling Custom Attributes
---------------------------------------------------------------------------------
---------------------------------------------------------------------------------
Finished Handling Custom Attributes : Time (s): cpu = 00:00:40 ; elapsed = 00:00:43 . Memory (MB): peak = 1012.289 ; gain = 0.000
---------------------------------------------------------------------------------
---------------------------------------------------------------------------------
Start Renaming Generated Nets
---------------------------------------------------------------------------------
---------------------------------------------------------------------------------
Finished Renaming Generated Nets : Time (s): cpu = 00:00:40 ; elapsed = 00:00:43 . Memory (MB): peak = 1012.289 ; gain = 0.000
---------------------------------------------------------------------------------
---------------------------------------------------------------------------------
Start Writing Synthesis Report
---------------------------------------------------------------------------------

Report BlackBoxes: 
+-+--------------+----------+
| |BlackBox name |Instances |
+-+--------------+----------+
+-+--------------+----------+

Report Cell Usage: 
+------+----------+------+
|      |Cell      |Count |
+------+----------+------+
|1     |LUT2      |     9|
|2     |LUT3      |    37|
|3     |LUT4      |    23|
|4     |LUT5      |    76|
|5     |LUT6      |    99|
|6     |OSERDESE2 |     8|
|7     |SRL16E    |    27|
|8     |FDCE      |    42|
|9     |FDPE      |     2|
|10    |FDRE      |    87|
|11    |OBUFDS    |     4|
+------+----------+------+

Report Instance Areas: 
+------+---------------+-----------------------+------+
|      |Instance       |Module                 |Cells |
+------+---------------+-----------------------+------+
|1     |top            |                       |   414|
|2     |  inst         |hdmi_tx_v1_0           |   414|
|3     |    encb       |encode                 |   128|
|4     |    encg       |encode__parameterized0 |   122|
|5     |    encr       |encode__parameterized1 |   122|
|6     |    serial_b   |serdes_10_to_1         |     2|
|7     |    serial_clk |serdes_10_to_1_0       |     2|
|8     |    serial_g   |serdes_10_to_1_1       |     2|
|9     |    serial_r   |serdes_10_to_1_2       |     2|
|10    |    srldly_0   |srldelay               |    27|
+------+---------------+-----------------------+------+
---------------------------------------------------------------------------------
Finished Writing Synthesis Report : Time (s): cpu = 00:00:40 ; elapsed = 00:00:43 . Memory (MB): peak = 1012.289 ; gain = 0.000
---------------------------------------------------------------------------------
Synthesis finished with 0 errors, 0 critical warnings and 4 warnings.
Synthesis Optimization Runtime : Time (s): cpu = 00:00:40 ; elapsed = 00:00:43 . Memory (MB): peak = 1012.289 ; gain = 0.000
Synthesis Optimization Complete : Time (s): cpu = 00:00:40 ; elapsed = 00:00:43 . Memory (MB): peak = 1012.289 ; gain = 0.000
INFO: [Project 1-571] Translating synthesized netlist
Netlist sorting complete. Time (s): cpu = 00:00:00 ; elapsed = 00:00:00.014 . Memory (MB): peak = 1012.289 ; gain = 0.000
INFO: [Netlist 29-17] Analyzing 4 Unisim elements for replacement
INFO: [Netlist 29-28] Unisim Transformation completed in 0 CPU seconds
INFO: [Project 1-570] Preparing netlist for logic optimization
INFO: [Opt 31-138] Pushed 0 inverter(s) to 0 load pin(s).
Netlist sorting complete. Time (s): cpu = 00:00:00 ; elapsed = 00:00:00.001 . Memory (MB): peak = 1012.289 ; gain = 0.000
INFO: [Project 1-111] Unisim Transformation Summary:
No Unisim elements were transformed.

INFO: [Common 17-83] Releasing license: Synthesis
37 Infos, 4 Warnings, 0 Critical Warnings and 0 Errors encountered.
synth_design completed successfully
synth_design: Time (s): cpu = 00:00:47 ; elapsed = 00:00:52 . Memory (MB): peak = 1012.289 ; gain = 0.000
WARNING: [Constraints 18-5210] No constraints selected for write.
Resolution: This message can indicate that there are no constraints for the design, or it can indicate that the used_in flags are set such that the constraints are ignored. This later case is used when running synth_design to not write synthesis constraints to the resulting checkpoint. Instead, project constraints are read when the synthesized design is opened.
INFO: [Timing 38-35] Done setting XDC timing constraints.
INFO: [Common 17-1381] The checkpoint 'C:/Users/nfaki/Desktop/ee 108/Lab 2/lab2/lab2.runs/hdmi_tx_0_synth_1/hdmi_tx_0.dcp' has been generated.
write_checkpoint: Time (s): cpu = 00:00:19 ; elapsed = 00:00:19 . Memory (MB): peak = 1329.176 ; gain = 316.887
WARNING: [Common 17-576] 'use_project_ipc' is deprecated. This option is deprecated and no longer used.
INFO: [Coretcl 2-1648] Added synthesis output to IP cache for IP hdmi_tx_0, cache-ID = e9388af10517f35b
INFO: [Coretcl 2-1174] Renamed 9 cell refs.
WARNING: [Constraints 18-5210] No constraints selected for write.
Resolution: This message can indicate that there are no constraints for the design, or it can indicate that the used_in flags are set such that the constraints are ignored. This later case is used when running synth_design to not write synthesis constraints to the resulting checkpoint. Instead, project constraints are read when the synthesized design is opened.
INFO: [Common 17-1381] The checkpoint 'C:/Users/nfaki/Desktop/ee 108/Lab 2/lab2/lab2.runs/hdmi_tx_0_synth_1/hdmi_tx_0.dcp' has been generated.
INFO: [runtcl-4] Executing : report_utilization -file hdmi_tx_0_utilization_synth.rpt -pb hdmi_tx_0_utilization_synth.pb
INFO: [Common 17-206] Exiting Vivado at Sat Oct  3 14:51:28 2020...
